2025-06-08 05:14:17,990 [TB-Scheduling-1] INFO  o.t.s.c.t.s.DefaultTransportService - Transport Stats: openConnections [0]
2025-06-08 05:14:28,496 [sql-log-1-thread-1] INFO  o.t.s.dao.sql.TbSqlBlockingQueue - Queue-0 [TS] queueSize [0] totalAdded [4] totalSaved [4] totalFailed [0]
2025-06-08 05:14:28,502 [sql-log-1-thread-1] INFO  o.t.s.dao.sql.TbSqlBlockingQueue - Queue-2 [TS] queueSize [0] totalAdded [9] totalSaved [9] totalFailed [0]
2025-06-08 05:14:28,520 [sql-log-1-thread-1] INFO  o.t.s.dao.sql.TbSqlBlockingQueue - Queue-0 [TS Latest] queueSize [0] totalAdded [4] totalSaved [4] totalFailed [0]
2025-06-08 05:14:28,520 [sql-log-1-thread-1] INFO  o.t.s.dao.sql.TbSqlBlockingQueue - Queue-2 [TS Latest] queueSize [0] totalAdded [9] totalSaved [9] totalFailed [0]
2025-06-08 05:15:18,024 [TB-Scheduling-2] INFO  o.t.s.c.t.s.DefaultTransportService - Transport Stats: openConnections [0]
2025-06-08 05:15:28,505 [sql-log-1-thread-1] INFO  o.t.s.dao.sql.TbSqlBlockingQueue - Queue-0 [TS] queueSize [0] totalAdded [2] totalSaved [2] totalFailed [0]
2025-06-08 05:15:28,510 [sql-log-1-thread-1] INFO  o.t.s.dao.sql.TbSqlBlockingQueue - Queue-2 [TS] queueSize [0] totalAdded [9] totalSaved [9] totalFailed [0]
2025-06-08 05:15:28,540 [sql-log-1-thread-1] INFO  o.t.s.dao.sql.TbSqlBlockingQueue - Queue-0 [TS Latest] queueSize [0] totalAdded [2] totalSaved [2] totalFailed [0]
2025-06-08 05:15:28,541 [sql-log-1-thread-1] INFO  o.t.s.dao.sql.TbSqlBlockingQueue - Queue-2 [TS Latest] queueSize [0] totalAdded [9] totalSaved [9] totalFailed [0]
2025-06-08 05:16:18,027 [TB-Scheduling-1] INFO  o.t.s.c.t.s.DefaultTransportService - Transport Stats: openConnections [0]
2025-06-08 05:16:28,508 [sql-log-1-thread-1] INFO  o.t.s.dao.sql.TbSqlBlockingQueue - Queue-0 [TS] queueSize [0] totalAdded [2] totalSaved [2] totalFailed [0]
2025-06-08 05:16:28,510 [sql-log-1-thread-1] INFO  o.t.s.dao.sql.TbSqlBlockingQueue - Queue-2 [TS] queueSize [0] totalAdded [9] totalSaved [9] totalFailed [0]
2025-06-08 05:16:28,531 [sql-log-1-thread-1] INFO  o.t.s.dao.sql.TbSqlBlockingQueue - Queue-0 [TS Latest] queueSize [0] totalAdded [2] totalSaved [2] totalFailed [0]
2025-06-08 05:16:28,532 [sql-log-1-thread-1] INFO  o.t.s.dao.sql.TbSqlBlockingQueue - Queue-2 [TS Latest] queueSize [0] totalAdded [9] totalSaved [9] totalFailed [0]
2025-06-08 05:17:18,033 [TB-Scheduling-2] INFO  o.t.s.c.t.s.DefaultTransportService - Transport Stats: openConnections [0]
2025-06-08 05:17:28,506 [sql-log-1-thread-1] INFO  o.t.s.dao.sql.TbSqlBlockingQueue - Queue-0 [TS] queueSize [0] totalAdded [3] totalSaved [3] totalFailed [0]
2025-06-08 05:17:28,510 [sql-log-1-thread-1] INFO  o.t.s.dao.sql.TbSqlBlockingQueue - Queue-2 [TS] queueSize [0] totalAdded [9] totalSaved [9] totalFailed [0]
2025-06-08 05:17:28,533 [sql-log-1-thread-1] INFO  o.t.s.dao.sql.TbSqlBlockingQueue - Queue-0 [TS Latest] queueSize [0] totalAdded [3] totalSaved [3] totalFailed [0]
2025-06-08 05:17:28,533 [sql-log-1-thread-1] INFO  o.t.s.dao.sql.TbSqlBlockingQueue - Queue-2 [TS Latest] queueSize [0] totalAdded [9] totalSaved [9] totalFailed [0]
2025-06-08 05:18:18,037 [TB-Scheduling-2] INFO  o.t.s.c.t.s.DefaultTransportService - Transport Stats: openConnections [0]
2025-06-08 05:18:28,507 [sql-log-1-thread-1] INFO  o.t.s.dao.sql.TbSqlBlockingQueue - Queue-0 [TS] queueSize [0] totalAdded [2] totalSaved [2] totalFailed [0]
2025-06-08 05:18:28,511 [sql-log-1-thread-1] INFO  o.t.s.dao.sql.TbSqlBlockingQueue - Queue-2 [TS] queueSize [0] totalAdded [9] totalSaved [9] totalFailed [0]
2025-06-08 05:18:28,532 [sql-log-1-thread-1] INFO  o.t.s.dao.sql.TbSqlBlockingQueue - Queue-0 [TS Latest] queueSize [0] totalAdded [2] totalSaved [2] totalFailed [0]
2025-06-08 05:18:28,533 [sql-log-1-thread-1] INFO  o.t.s.dao.sql.TbSqlBlockingQueue - Queue-2 [TS Latest] queueSize [0] totalAdded [9] totalSaved [9] totalFailed [0]
2025-06-08 05:19:18,040 [TB-Scheduling-2] INFO  o.t.s.c.t.s.DefaultTransportService - Transport Stats: openConnections [0]
2025-06-08 05:19:28,508 [sql-log-1-thread-1] INFO  o.t.s.dao.sql.TbSqlBlockingQueue - Queue-0 [TS] queueSize [0] totalAdded [2] totalSaved [2] totalFailed [0]
2025-06-08 05:19:28,514 [sql-log-1-thread-1] INFO  o.t.s.dao.sql.TbSqlBlockingQueue - Queue-2 [TS] queueSize [0] totalAdded [9] totalSaved [9] totalFailed [0]
2025-06-08 05:19:28,531 [sql-log-1-thread-1] INFO  o.t.s.dao.sql.TbSqlBlockingQueue - Queue-0 [TS Latest] queueSize [0] totalAdded [2] totalSaved [2] totalFailed [0]
2025-06-08 05:19:28,532 [sql-log-1-thread-1] INFO  o.t.s.dao.sql.TbSqlBlockingQueue - Queue-2 [TS Latest] queueSize [0] totalAdded [9] totalSaved [9] totalFailed [0]
2025-06-08 05:20:18,063 [TB-Scheduling-1] INFO  o.t.s.c.t.s.DefaultTransportService - Transport Stats: openConnections [0]
2025-06-08 05:20:28,508 [sql-log-1-thread-1] INFO  o.t.s.dao.sql.TbSqlBlockingQueue - Queue-0 [TS] queueSize [0] totalAdded [2] totalSaved [2] totalFailed [0]
2025-06-08 05:20:28,510 [sql-log-1-thread-1] INFO  o.t.s.dao.sql.TbSqlBlockingQueue - Queue-2 [TS] queueSize [0] totalAdded [2] totalSaved [2] totalFailed [0]
2025-06-08 05:20:28,532 [sql-log-1-thread-1] INFO  o.t.s.dao.sql.TbSqlBlockingQueue - Queue-0 [TS Latest] queueSize [0] totalAdded [2] totalSaved [2] totalFailed [0]
2025-06-08 05:20:28,533 [sql-log-1-thread-1] INFO  o.t.s.dao.sql.TbSqlBlockingQueue - Queue-2 [TS Latest] queueSize [0] totalAdded [2] totalSaved [2] totalFailed [0]
2025-06-08 05:20:38,510 [sql-log-1-thread-1] INFO  o.t.s.dao.sql.TbSqlBlockingQueue - Queue-2 [TS] queueSize [0] totalAdded [7] totalSaved [7] totalFailed [0]
2025-06-08 05:20:38,531 [sql-log-1-thread-1] INFO  o.t.s.dao.sql.TbSqlBlockingQueue - Queue-2 [TS Latest] queueSize [0] totalAdded [7] totalSaved [7] totalFailed [0]
2025-06-08 05:21:18,066 [TB-Scheduling-2] INFO  o.t.s.c.t.s.DefaultTransportService - Transport Stats: openConnections [0]
2025-06-08 05:21:28,507 [sql-log-1-thread-1] INFO  o.t.s.dao.sql.TbSqlBlockingQueue - Queue-0 [TS] queueSize [0] totalAdded [2] totalSaved [2] totalFailed [0]
2025-06-08 05:21:28,510 [sql-log-1-thread-1] INFO  o.t.s.dao.sql.TbSqlBlockingQueue - Queue-2 [TS] queueSize [0] totalAdded [2] totalSaved [2] totalFailed [0]
2025-06-08 05:21:28,532 [sql-log-1-thread-1] INFO  o.t.s.dao.sql.TbSqlBlockingQueue - Queue-0 [TS Latest] queueSize [0] totalAdded [2] totalSaved [2] totalFailed [0]
2025-06-08 05:21:28,533 [sql-log-1-thread-1] INFO  o.t.s.dao.sql.TbSqlBlockingQueue - Queue-2 [TS Latest] queueSize [0] totalAdded [2] totalSaved [2] totalFailed [0]
2025-06-08 05:21:38,510 [sql-log-1-thread-1] INFO  o.t.s.dao.sql.TbSqlBlockingQueue - Queue-2 [TS] queueSize [0] totalAdded [7] totalSaved [7] totalFailed [0]
2025-06-08 05:21:38,531 [sql-log-1-thread-1] INFO  o.t.s.dao.sql.TbSqlBlockingQueue - Queue-2 [TS Latest] queueSize [0] totalAdded [7] totalSaved [7] totalFailed [0]
2025-06-08 05:22:18,069 [TB-Scheduling-1] INFO  o.t.s.c.t.s.DefaultTransportService - Transport Stats: openConnections [0]
2025-06-08 05:22:28,507 [sql-log-1-thread-1] INFO  o.t.s.dao.sql.TbSqlBlockingQueue - Queue-0 [TS] queueSize [0] totalAdded [2] totalSaved [2] totalFailed [0]
2025-06-08 05:22:28,511 [sql-log-1-thread-1] INFO  o.t.s.dao.sql.TbSqlBlockingQueue - Queue-2 [TS] queueSize [0] totalAdded [2] totalSaved [2] totalFailed [0]
2025-06-08 05:22:28,533 [sql-log-1-thread-1] INFO  o.t.s.dao.sql.TbSqlBlockingQueue - Queue-0 [TS Latest] queueSize [0] totalAdded [2] totalSaved [2] totalFailed [0]
2025-06-08 05:22:28,534 [sql-log-1-thread-1] INFO  o.t.s.dao.sql.TbSqlBlockingQueue - Queue-2 [TS Latest] queueSize [0] totalAdded [2] totalSaved [2] totalFailed [0]
2025-06-08 05:22:38,510 [sql-log-1-thread-1] INFO  o.t.s.dao.sql.TbSqlBlockingQueue - Queue-2 [TS] queueSize [0] totalAdded [7] totalSaved [7] totalFailed [0]
2025-06-08 05:22:38,531 [sql-log-1-thread-1] INFO  o.t.s.dao.sql.TbSqlBlockingQueue - Queue-2 [TS Latest] queueSize [0] totalAdded [7] totalSaved [7] totalFailed [0]
2025-06-08 05:23:18,074 [TB-Scheduling-1] INFO  o.t.s.c.t.s.DefaultTransportService - Transport Stats: openConnections [0]
2025-06-08 05:23:28,506 [sql-log-1-thread-1] INFO  o.t.s.dao.sql.TbSqlBlockingQueue - Queue-0 [TS] queueSize [0] totalAdded [2] totalSaved [2] totalFailed [0]
2025-06-08 05:23:28,510 [sql-log-1-thread-1] INFO  o.t.s.dao.sql.TbSqlBlockingQueue - Queue-2 [TS] queueSize [0] totalAdded [2] totalSaved [2] totalFailed [0]
2025-06-08 05:23:28,533 [sql-log-1-thread-1] INFO  o.t.s.dao.sql.TbSqlBlockingQueue - Queue-0 [TS Latest] queueSize [0] totalAdded [2] totalSaved [2] totalFailed [0]
2025-06-08 05:23:28,534 [sql-log-1-thread-1] INFO  o.t.s.dao.sql.TbSqlBlockingQueue - Queue-2 [TS Latest] queueSize [0] totalAdded [2] totalSaved [2] totalFailed [0]
2025-06-08 05:23:38,510 [sql-log-1-thread-1] INFO  o.t.s.dao.sql.TbSqlBlockingQueue - Queue-2 [TS] queueSize [0] totalAdded [7] totalSaved [7] totalFailed [0]
2025-06-08 05:23:38,531 [sql-log-1-thread-1] INFO  o.t.s.dao.sql.TbSqlBlockingQueue - Queue-2 [TS Latest] queueSize [0] totalAdded [7] totalSaved [7] totalFailed [0]
2025-06-08 05:24:18,077 [TB-Scheduling-1] INFO  o.t.s.c.t.s.DefaultTransportService - Transport Stats: openConnections [0]
2025-06-08 05:24:28,504 [sql-log-1-thread-1] INFO  o.t.s.dao.sql.TbSqlBlockingQueue - Queue-0 [TS] queueSize [0] totalAdded [2] totalSaved [2] totalFailed [0]
2025-06-08 05:24:28,511 [sql-log-1-thread-1] INFO  o.t.s.dao.sql.TbSqlBlockingQueue - Queue-2 [TS] queueSize [0] totalAdded [2] totalSaved [2] totalFailed [0]
2025-06-08 05:24:28,531 [sql-log-1-thread-1] INFO  o.t.s.dao.sql.TbSqlBlockingQueue - Queue-0 [TS Latest] queueSize [0] totalAdded [2] totalSaved [2] totalFailed [0]
2025-06-08 05:24:28,532 [sql-log-1-thread-1] INFO  o.t.s.dao.sql.TbSqlBlockingQueue - Queue-2 [TS Latest] queueSize [0] totalAdded [2] totalSaved [2] totalFailed [0]
2025-06-08 05:24:38,511 [sql-log-1-thread-1] INFO  o.t.s.dao.sql.TbSqlBlockingQueue - Queue-2 [TS] queueSize [0] totalAdded [7] totalSaved [7] totalFailed [0]
2025-06-08 05:24:38,531 [sql-log-1-thread-1] INFO  o.t.s.dao.sql.TbSqlBlockingQueue - Queue-2 [TS Latest] queueSize [0] totalAdded [7] totalSaved [7] totalFailed [0]
2025-06-08 05:25:18,081 [TB-Scheduling-1] INFO  o.t.s.c.t.s.DefaultTransportService - Transport Stats: openConnections [0]
2025-06-08 05:25:28,505 [sql-log-1-thread-1] INFO  o.t.s.dao.sql.TbSqlBlockingQueue - Queue-0 [TS] queueSize [0] totalAdded [2] totalSaved [2] totalFailed [0]
2025-06-08 05:25:28,510 [sql-log-1-thread-1] INFO  o.t.s.dao.sql.TbSqlBlockingQueue - Queue-2 [TS] queueSize [0] totalAdded [2] totalSaved [2] totalFailed [0]
2025-06-08 05:25:28,532 [sql-log-1-thread-1] INFO  o.t.s.dao.sql.TbSqlBlockingQueue - Queue-0 [TS Latest] queueSize [0] totalAdded [2] totalSaved [2] totalFailed [0]
2025-06-08 05:25:28,532 [sql-log-1-thread-1] INFO  o.t.s.dao.sql.TbSqlBlockingQueue - Queue-2 [TS Latest] queueSize [0] totalAdded [2] totalSaved [2] totalFailed [0]
2025-06-08 05:25:38,508 [sql-log-1-thread-1] INFO  o.t.s.dao.sql.TbSqlBlockingQueue - Queue-2 [TS] queueSize [0] totalAdded [7] totalSaved [7] totalFailed [0]
2025-06-08 05:25:38,529 [sql-log-1-thread-1] INFO  o.t.s.dao.sql.TbSqlBlockingQueue - Queue-2 [TS Latest] queueSize [0] totalAdded [7] totalSaved [7] totalFailed [0]
2025-06-08 05:26:18,083 [TB-Scheduling-2] INFO  o.t.s.c.t.s.DefaultTransportService - Transport Stats: openConnections [0]
2025-06-08 05:26:28,507 [sql-log-1-thread-1] INFO  o.t.s.dao.sql.TbSqlBlockingQueue - Queue-0 [TS] queueSize [0] totalAdded [2] totalSaved [2] totalFailed [0]
2025-06-08 05:26:28,510 [sql-log-1-thread-1] INFO  o.t.s.dao.sql.TbSqlBlockingQueue - Queue-2 [TS] queueSize [0] totalAdded [2] totalSaved [2] totalFailed [0]
2025-06-08 05:26:28,531 [sql-log-1-thread-1] INFO  o.t.s.dao.sql.TbSqlBlockingQueue - Queue-0 [TS Latest] queueSize [0] totalAdded [2] totalSaved [2] totalFailed [0]
2025-06-08 05:26:28,532 [sql-log-1-thread-1] INFO  o.t.s.dao.sql.TbSqlBlockingQueue - Queue-2 [TS Latest] queueSize [0] totalAdded [2] totalSaved [2] totalFailed [0]
2025-06-08 05:26:38,510 [sql-log-1-thread-1] INFO  o.t.s.dao.sql.TbSqlBlockingQueue - Queue-2 [TS] queueSize [0] totalAdded [7] totalSaved [7] totalFailed [0]
2025-06-08 05:26:38,531 [sql-log-1-thread-1] INFO  o.t.s.dao.sql.TbSqlBlockingQueue - Queue-2 [TS Latest] queueSize [0] totalAdded [7] totalSaved [7] totalFailed [0]
2025-06-08 05:27:18,084 [TB-Scheduling-1] INFO  o.t.s.c.t.s.DefaultTransportService - Transport Stats: openConnections [0]
2025-06-08 05:27:28,505 [sql-log-1-thread-1] INFO  o.t.s.dao.sql.TbSqlBlockingQueue - Queue-0 [TS] queueSize [0] totalAdded [2] totalSaved [2] totalFailed [0]
2025-06-08 05:27:28,510 [sql-log-1-thread-1] INFO  o.t.s.dao.sql.TbSqlBlockingQueue - Queue-2 [TS] queueSize [0] totalAdded [2] totalSaved [2] totalFailed [0]
2025-06-08 05:27:28,531 [sql-log-1-thread-1] INFO  o.t.s.dao.sql.TbSqlBlockingQueue - Queue-0 [TS Latest] queueSize [0] totalAdded [2] totalSaved [2] totalFailed [0]
2025-06-08 05:27:28,531 [sql-log-1-thread-1] INFO  o.t.s.dao.sql.TbSqlBlockingQueue - Queue-2 [TS Latest] queueSize [0] totalAdded [2] totalSaved [2] totalFailed [0]
2025-06-08 05:27:38,511 [sql-log-1-thread-1] INFO  o.t.s.dao.sql.TbSqlBlockingQueue - Queue-2 [TS] queueSize [0] totalAdded [7] totalSaved [7] totalFailed [0]
2025-06-08 05:27:38,535 [sql-log-1-thread-1] INFO  o.t.s.dao.sql.TbSqlBlockingQueue - Queue-2 [TS Latest] queueSize [0] totalAdded [7] totalSaved [7] totalFailed [0]
2025-06-08 05:28:18,089 [TB-Scheduling-1] INFO  o.t.s.c.t.s.DefaultTransportService - Transport Stats: openConnections [0]
2025-06-08 05:28:28,506 [sql-log-1-thread-1] INFO  o.t.s.dao.sql.TbSqlBlockingQueue - Queue-0 [TS] queueSize [0] totalAdded [2] totalSaved [2] totalFailed [0]
2025-06-08 05:28:28,509 [sql-log-1-thread-1] INFO  o.t.s.dao.sql.TbSqlBlockingQueue - Queue-2 [TS] queueSize [0] totalAdded [2] totalSaved [2] totalFailed [0]
2025-06-08 05:28:28,531 [sql-log-1-thread-1] INFO  o.t.s.dao.sql.TbSqlBlockingQueue - Queue-0 [TS Latest] queueSize [0] totalAdded [2] totalSaved [2] totalFailed [0]
2025-06-08 05:28:28,532 [sql-log-1-thread-1] INFO  o.t.s.dao.sql.TbSqlBlockingQueue - Queue-2 [TS Latest] queueSize [0] totalAdded [2] totalSaved [2] totalFailed [0]
2025-06-08 05:28:38,511 [sql-log-1-thread-1] INFO  o.t.s.dao.sql.TbSqlBlockingQueue - Queue-2 [TS] queueSize [0] totalAdded [7] totalSaved [7] totalFailed [0]
2025-06-08 05:28:38,531 [sql-log-1-thread-1] INFO  o.t.s.dao.sql.TbSqlBlockingQueue - Queue-2 [TS Latest] queueSize [0] totalAdded [7] totalSaved [7] totalFailed [0]
2025-06-08 05:29:18,092 [TB-Scheduling-2] INFO  o.t.s.c.t.s.DefaultTransportService - Transport Stats: openConnections [0]
2025-06-08 05:29:28,505 [sql-log-1-thread-1] INFO  o.t.s.dao.sql.TbSqlBlockingQueue - Queue-0 [TS] queueSize [0] totalAdded [2] totalSaved [2] totalFailed [0]
2025-06-08 05:29:28,510 [sql-log-1-thread-1] INFO  o.t.s.dao.sql.TbSqlBlockingQueue - Queue-2 [TS] queueSize [0] totalAdded [2] totalSaved [2] totalFailed [0]
2025-06-08 05:29:28,531 [sql-log-1-thread-1] INFO  o.t.s.dao.sql.TbSqlBlockingQueue - Queue-0 [TS Latest] queueSize [0] totalAdded [2] totalSaved [2] totalFailed [0]
2025-06-08 05:29:28,532 [sql-log-1-thread-1] INFO  o.t.s.dao.sql.TbSqlBlockingQueue - Queue-2 [TS Latest] queueSize [0] totalAdded [2] totalSaved [2] totalFailed [0]
2025-06-08 05:29:38,510 [sql-log-1-thread-1] INFO  o.t.s.dao.sql.TbSqlBlockingQueue - Queue-2 [TS] queueSize [0] totalAdded [7] totalSaved [7] totalFailed [0]
2025-06-08 05:29:38,532 [sql-log-1-thread-1] INFO  o.t.s.dao.sql.TbSqlBlockingQueue - Queue-2 [TS Latest] queueSize [0] totalAdded [7] totalSaved [7] totalFailed [0]
2025-06-08 05:30:18,095 [TB-Scheduling-2] INFO  o.t.s.c.t.s.DefaultTransportService - Transport Stats: openConnections [0]
2025-06-08 05:30:28,503 [sql-log-1-thread-1] INFO  o.t.s.dao.sql.TbSqlBlockingQueue - Queue-0 [TS] queueSize [0] totalAdded [2] totalSaved [2] totalFailed [0]
2025-06-08 05:30:28,510 [sql-log-1-thread-1] INFO  o.t.s.dao.sql.TbSqlBlockingQueue - Queue-2 [TS] queueSize [0] totalAdded [2] totalSaved [2] totalFailed [0]
2025-06-08 05:30:28,530 [sql-log-1-thread-1] INFO  o.t.s.dao.sql.TbSqlBlockingQueue - Queue-0 [TS Latest] queueSize [0] totalAdded [2] totalSaved [2] totalFailed [0]
2025-06-08 05:30:28,531 [sql-log-1-thread-1] INFO  o.t.s.dao.sql.TbSqlBlockingQueue - Queue-2 [TS Latest] queueSize [0] totalAdded [2] totalSaved [2] totalFailed [0]
2025-06-08 05:30:48,510 [sql-log-1-thread-1] INFO  o.t.s.dao.sql.TbSqlBlockingQueue - Queue-2 [TS] queueSize [0] totalAdded [7] totalSaved [7] totalFailed [0]
2025-06-08 05:30:48,531 [sql-log-1-thread-1] INFO  o.t.s.dao.sql.TbSqlBlockingQueue - Queue-2 [TS Latest] queueSize [0] totalAdded [7] totalSaved [7] totalFailed [0]
2025-06-08 05:31:18,099 [TB-Scheduling-1] INFO  o.t.s.c.t.s.DefaultTransportService - Transport Stats: openConnections [0]
2025-06-08 05:31:28,505 [sql-log-1-thread-1] INFO  o.t.s.dao.sql.TbSqlBlockingQueue - Queue-0 [TS] queueSize [0] totalAdded [2] totalSaved [2] totalFailed [0]
2025-06-08 05:31:28,510 [sql-log-1-thread-1] INFO  o.t.s.dao.sql.TbSqlBlockingQueue - Queue-2 [TS] queueSize [0] totalAdded [2] totalSaved [2] totalFailed [0]
2025-06-08 05:31:28,531 [sql-log-1-thread-1] INFO  o.t.s.dao.sql.TbSqlBlockingQueue - Queue-0 [TS Latest] queueSize [0] totalAdded [2] totalSaved [2] totalFailed [0]
2025-06-08 05:31:28,532 [sql-log-1-thread-1] INFO  o.t.s.dao.sql.TbSqlBlockingQueue - Queue-2 [TS Latest] queueSize [0] totalAdded [2] totalSaved [2] totalFailed [0]
2025-06-08 05:31:48,510 [sql-log-1-thread-1] INFO  o.t.s.dao.sql.TbSqlBlockingQueue - Queue-2 [TS] queueSize [0] totalAdded [7] totalSaved [7] totalFailed [0]
2025-06-08 05:31:48,534 [sql-log-1-thread-1] INFO  o.t.s.dao.sql.TbSqlBlockingQueue - Queue-2 [TS Latest] queueSize [0] totalAdded [7] totalSaved [7] totalFailed [0]
2025-06-08 05:32:18,104 [TB-Scheduling-1] INFO  o.t.s.c.t.s.DefaultTransportService - Transport Stats: openConnections [0]
2025-06-08 05:32:28,505 [sql-log-1-thread-1] INFO  o.t.s.dao.sql.TbSqlBlockingQueue - Queue-0 [TS] queueSize [0] totalAdded [2] totalSaved [2] totalFailed [0]
2025-06-08 05:32:28,510 [sql-log-1-thread-1] INFO  o.t.s.dao.sql.TbSqlBlockingQueue - Queue-2 [TS] queueSize [0] totalAdded [2] totalSaved [2] totalFailed [0]
2025-06-08 05:32:28,532 [sql-log-1-thread-1] INFO  o.t.s.dao.sql.TbSqlBlockingQueue - Queue-0 [TS Latest] queueSize [0] totalAdded [2] totalSaved [2] totalFailed [0]
2025-06-08 05:32:28,532 [sql-log-1-thread-1] INFO  o.t.s.dao.sql.TbSqlBlockingQueue - Queue-2 [TS Latest] queueSize [0] totalAdded [2] totalSaved [2] totalFailed [0]
2025-06-08 05:32:48,510 [sql-log-1-thread-1] INFO  o.t.s.dao.sql.TbSqlBlockingQueue - Queue-2 [TS] queueSize [0] totalAdded [7] totalSaved [7] totalFailed [0]
2025-06-08 05:32:48,531 [sql-log-1-thread-1] INFO  o.t.s.dao.sql.TbSqlBlockingQueue - Queue-2 [TS Latest] queueSize [0] totalAdded [7] totalSaved [7] totalFailed [0]
2025-06-08 05:33:18,109 [TB-Scheduling-1] INFO  o.t.s.c.t.s.DefaultTransportService - Transport Stats: openConnections [0]
2025-06-08 05:33:28,508 [sql-log-1-thread-1] INFO  o.t.s.dao.sql.TbSqlBlockingQueue - Queue-0 [TS] queueSize [0] totalAdded [2] totalSaved [2] totalFailed [0]
2025-06-08 05:33:28,510 [sql-log-1-thread-1] INFO  o.t.s.dao.sql.TbSqlBlockingQueue - Queue-2 [TS] queueSize [0] totalAdded [2] totalSaved [2] totalFailed [0]
2025-06-08 05:33:28,531 [sql-log-1-thread-1] INFO  o.t.s.dao.sql.TbSqlBlockingQueue - Queue-0 [TS Latest] queueSize [0] totalAdded [2] totalSaved [2] totalFailed [0]
2025-06-08 05:33:28,532 [sql-log-1-thread-1] INFO  o.t.s.dao.sql.TbSqlBlockingQueue - Queue-2 [TS Latest] queueSize [0] totalAdded [2] totalSaved [2] totalFailed [0]
2025-06-08 05:33:48,510 [sql-log-1-thread-1] INFO  o.t.s.dao.sql.TbSqlBlockingQueue - Queue-2 [TS] queueSize [0] totalAdded [7] totalSaved [7] totalFailed [0]
2025-06-08 05:33:48,535 [sql-log-1-thread-1] INFO  o.t.s.dao.sql.TbSqlBlockingQueue - Queue-2 [TS Latest] queueSize [0] totalAdded [7] totalSaved [7] totalFailed [0]
2025-06-08 05:34:15,399 [TB-Scheduling-1] INFO  o.t.s.dao.sql.event.JpaBaseEventDao - Going to cleanup debug events with exp time: 1748756055398
2025-06-08 05:34:18,112 [TB-Scheduling-2] INFO  o.t.s.c.t.s.DefaultTransportService - Transport Stats: openConnections [0]
2025-06-08 05:34:28,509 [sql-log-1-thread-1] INFO  o.t.s.dao.sql.TbSqlBlockingQueue - Queue-0 [TS] queueSize [0] totalAdded [2] totalSaved [2] totalFailed [0]
2025-06-08 05:34:28,510 [sql-log-1-thread-1] INFO  o.t.s.dao.sql.TbSqlBlockingQueue - Queue-2 [TS] queueSize [0] totalAdded [2] totalSaved [2] totalFailed [0]
2025-06-08 05:34:28,531 [sql-log-1-thread-1] INFO  o.t.s.dao.sql.TbSqlBlockingQueue - Queue-0 [TS Latest] queueSize [0] totalAdded [2] totalSaved [2] totalFailed [0]
2025-06-08 05:34:28,532 [sql-log-1-thread-1] INFO  o.t.s.dao.sql.TbSqlBlockingQueue - Queue-2 [TS Latest] queueSize [0] totalAdded [2] totalSaved [2] totalFailed [0]
2025-06-08 05:34:48,510 [sql-log-1-thread-1] INFO  o.t.s.dao.sql.TbSqlBlockingQueue - Queue-2 [TS] queueSize [0] totalAdded [7] totalSaved [7] totalFailed [0]
2025-06-08 05:34:48,533 [sql-log-1-thread-1] INFO  o.t.s.dao.sql.TbSqlBlockingQueue - Queue-2 [TS Latest] queueSize [0] totalAdded [7] totalSaved [7] totalFailed [0]
2025-06-08 05:35:18,116 [TB-Scheduling-1] INFO  o.t.s.c.t.s.DefaultTransportService - Transport Stats: openConnections [0]
2025-06-08 05:35:28,509 [sql-log-1-thread-1] INFO  o.t.s.dao.sql.TbSqlBlockingQueue - Queue-0 [TS] queueSize [0] totalAdded [2] totalSaved [2] totalFailed [0]
2025-06-08 05:35:28,510 [sql-log-1-thread-1] INFO  o.t.s.dao.sql.TbSqlBlockingQueue - Queue-2 [TS] queueSize [0] totalAdded [2] totalSaved [2] totalFailed [0]
2025-06-08 05:35:28,534 [sql-log-1-thread-1] INFO  o.t.s.dao.sql.TbSqlBlockingQueue - Queue-0 [TS Latest] queueSize [0] totalAdded [2] totalSaved [2] totalFailed [0]
2025-06-08 05:35:28,535 [sql-log-1-thread-1] INFO  o.t.s.dao.sql.TbSqlBlockingQueue - Queue-2 [TS Latest] queueSize [0] totalAdded [2] totalSaved [2] totalFailed [0]
2025-06-08 05:35:48,511 [sql-log-1-thread-1] INFO  o.t.s.dao.sql.TbSqlBlockingQueue - Queue-2 [TS] queueSize [0] totalAdded [7] totalSaved [7] totalFailed [0]
2025-06-08 05:35:48,534 [sql-log-1-thread-1] INFO  o.t.s.dao.sql.TbSqlBlockingQueue - Queue-2 [TS Latest] queueSize [0] totalAdded [7] totalSaved [7] totalFailed [0]
2025-06-08 05:36:18,120 [TB-Scheduling-2] INFO  o.t.s.c.t.s.DefaultTransportService - Transport Stats: openConnections [0]
2025-06-08 05:36:28,506 [sql-log-1-thread-1] INFO  o.t.s.dao.sql.TbSqlBlockingQueue - Queue-0 [TS] queueSize [0] totalAdded [2] totalSaved [2] totalFailed [0]
2025-06-08 05:36:28,511 [sql-log-1-thread-1] INFO  o.t.s.dao.sql.TbSqlBlockingQueue - Queue-2 [TS] queueSize [0] totalAdded [2] totalSaved [2] totalFailed [0]
2025-06-08 05:36:28,533 [sql-log-1-thread-1] INFO  o.t.s.dao.sql.TbSqlBlockingQueue - Queue-0 [TS Latest] queueSize [0] totalAdded [2] totalSaved [2] totalFailed [0]
2025-06-08 05:36:28,535 [sql-log-1-thread-1] INFO  o.t.s.dao.sql.TbSqlBlockingQueue - Queue-2 [TS Latest] queueSize [0] totalAdded [2] totalSaved [2] totalFailed [0]
2025-06-08 05:36:48,512 [sql-log-1-thread-1] INFO  o.t.s.dao.sql.TbSqlBlockingQueue - Queue-2 [TS] queueSize [0] totalAdded [7] totalSaved [7] totalFailed [0]
2025-06-08 05:36:48,537 [sql-log-1-thread-1] INFO  o.t.s.dao.sql.TbSqlBlockingQueue - Queue-2 [TS Latest] queueSize [0] totalAdded [7] totalSaved [7] totalFailed [0]
2025-06-08 05:37:18,121 [TB-Scheduling-2] INFO  o.t.s.c.t.s.DefaultTransportService - Transport Stats: openConnections [0]
2025-06-08 05:37:28,505 [sql-log-1-thread-1] INFO  o.t.s.dao.sql.TbSqlBlockingQueue - Queue-0 [TS] queueSize [0] totalAdded [2] totalSaved [2] totalFailed [0]
2025-06-08 05:37:28,511 [sql-log-1-thread-1] INFO  o.t.s.dao.sql.TbSqlBlockingQueue - Queue-2 [TS] queueSize [0] totalAdded [2] totalSaved [2] totalFailed [0]
2025-06-08 05:37:28,536 [sql-log-1-thread-1] INFO  o.t.s.dao.sql.TbSqlBlockingQueue - Queue-0 [TS Latest] queueSize [0] totalAdded [2] totalSaved [2] totalFailed [0]
2025-06-08 05:37:28,536 [sql-log-1-thread-1] INFO  o.t.s.dao.sql.TbSqlBlockingQueue - Queue-2 [TS Latest] queueSize [0] totalAdded [2] totalSaved [2] totalFailed [0]
2025-06-08 05:37:48,510 [sql-log-1-thread-1] INFO  o.t.s.dao.sql.TbSqlBlockingQueue - Queue-2 [TS] queueSize [0] totalAdded [7] totalSaved [7] totalFailed [0]
2025-06-08 05:37:48,535 [sql-log-1-thread-1] INFO  o.t.s.dao.sql.TbSqlBlockingQueue - Queue-2 [TS Latest] queueSize [0] totalAdded [7] totalSaved [7] totalFailed [0]
2025-06-08 05:38:18,125 [TB-Scheduling-2] INFO  o.t.s.c.t.s.DefaultTransportService - Transport Stats: openConnections [0]
2025-06-08 05:38:28,508 [sql-log-1-thread-1] INFO  o.t.s.dao.sql.TbSqlBlockingQueue - Queue-0 [TS] queueSize [0] totalAdded [2] totalSaved [2] totalFailed [0]
2025-06-08 05:38:28,509 [sql-log-1-thread-1] INFO  o.t.s.dao.sql.TbSqlBlockingQueue - Queue-2 [TS] queueSize [0] totalAdded [2] totalSaved [2] totalFailed [0]
2025-06-08 05:38:28,535 [sql-log-1-thread-1] INFO  o.t.s.dao.sql.TbSqlBlockingQueue - Queue-0 [TS Latest] queueSize [0] totalAdded [2] totalSaved [2] totalFailed [0]
2025-06-08 05:38:28,536 [sql-log-1-thread-1] INFO  o.t.s.dao.sql.TbSqlBlockingQueue - Queue-2 [TS Latest] queueSize [0] totalAdded [2] totalSaved [2] totalFailed [0]
2025-06-08 05:38:48,511 [sql-log-1-thread-1] INFO  o.t.s.dao.sql.TbSqlBlockingQueue - Queue-2 [TS] queueSize [0] totalAdded [7] totalSaved [7] totalFailed [0]
2025-06-08 05:38:48,533 [sql-log-1-thread-1] INFO  o.t.s.dao.sql.TbSqlBlockingQueue - Queue-2 [TS Latest] queueSize [0] totalAdded [7] totalSaved [7] totalFailed [0]
2025-06-08 05:39:18,128 [TB-Scheduling-1] INFO  o.t.s.c.t.s.DefaultTransportService - Transport Stats: openConnections [0]
2025-06-08 05:39:28,510 [sql-log-1-thread-1] INFO  o.t.s.dao.sql.TbSqlBlockingQueue - Queue-0 [TS] queueSize [0] totalAdded [2] totalSaved [2] totalFailed [0]
2025-06-08 05:39:28,512 [sql-log-1-thread-1] INFO  o.t.s.dao.sql.TbSqlBlockingQueue - Queue-2 [TS] queueSize [0] totalAdded [2] totalSaved [2] totalFailed [0]
2025-06-08 05:39:28,532 [sql-log-1-thread-1] INFO  o.t.s.dao.sql.TbSqlBlockingQueue - Queue-0 [TS Latest] queueSize [0] totalAdded [2] totalSaved [2] totalFailed [0]
2025-06-08 05:39:28,533 [sql-log-1-thread-1] INFO  o.t.s.dao.sql.TbSqlBlockingQueue - Queue-2 [TS Latest] queueSize [0] totalAdded [2] totalSaved [2] totalFailed [0]
2025-06-08 05:39:48,511 [sql-log-1-thread-1] INFO  o.t.s.dao.sql.TbSqlBlockingQueue - Queue-2 [TS] queueSize [0] totalAdded [7] totalSaved [7] totalFailed [0]
2025-06-08 05:39:48,531 [sql-log-1-thread-1] INFO  o.t.s.dao.sql.TbSqlBlockingQueue - Queue-2 [TS Latest] queueSize [0] totalAdded [7] totalSaved [7] totalFailed [0]
2025-06-08 05:40:18,135 [TB-Scheduling-1] INFO  o.t.s.c.t.s.DefaultTransportService - Transport Stats: openConnections [0]
2025-06-08 05:40:28,508 [sql-log-1-thread-1] INFO  o.t.s.dao.sql.TbSqlBlockingQueue - Queue-0 [TS] queueSize [0] totalAdded [2] totalSaved [2] totalFailed [0]
2025-06-08 05:40:28,510 [sql-log-1-thread-1] INFO  o.t.s.dao.sql.TbSqlBlockingQueue - Queue-2 [TS] queueSize [0] totalAdded [2] totalSaved [2] totalFailed [0]
2025-06-08 05:40:28,533 [sql-log-1-thread-1] INFO  o.t.s.dao.sql.TbSqlBlockingQueue - Queue-0 [TS Latest] queueSize [0] totalAdded [2] totalSaved [2] totalFailed [0]
2025-06-08 05:40:28,534 [sql-log-1-thread-1] INFO  o.t.s.dao.sql.TbSqlBlockingQueue - Queue-2 [TS Latest] queueSize [0] totalAdded [2] totalSaved [2] totalFailed [0]
2025-06-08 05:40:58,510 [sql-log-1-thread-1] INFO  o.t.s.dao.sql.TbSqlBlockingQueue - Queue-2 [TS] queueSize [0] totalAdded [7] totalSaved [7] totalFailed [0]
2025-06-08 05:40:58,531 [sql-log-1-thread-1] INFO  o.t.s.dao.sql.TbSqlBlockingQueue - Queue-2 [TS Latest] queueSize [0] totalAdded [7] totalSaved [7] totalFailed [0]
2025-06-08 05:41:18,137 [TB-Scheduling-2] INFO  o.t.s.c.t.s.DefaultTransportService - Transport Stats: openConnections [0]
2025-06-08 05:41:28,507 [sql-log-1-thread-1] INFO  o.t.s.dao.sql.TbSqlBlockingQueue - Queue-0 [TS] queueSize [0] totalAdded [2] totalSaved [2] totalFailed [0]
2025-06-08 05:41:28,510 [sql-log-1-thread-1] INFO  o.t.s.dao.sql.TbSqlBlockingQueue - Queue-2 [TS] queueSize [0] totalAdded [2] totalSaved [2] totalFailed [0]
2025-06-08 05:41:28,532 [sql-log-1-thread-1] INFO  o.t.s.dao.sql.TbSqlBlockingQueue - Queue-0 [TS Latest] queueSize [0] totalAdded [2] totalSaved [2] totalFailed [0]
2025-06-08 05:41:28,532 [sql-log-1-thread-1] INFO  o.t.s.dao.sql.TbSqlBlockingQueue - Queue-2 [TS Latest] queueSize [0] totalAdded [2] totalSaved [2] totalFailed [0]
2025-06-08 05:41:58,510 [sql-log-1-thread-1] INFO  o.t.s.dao.sql.TbSqlBlockingQueue - Queue-2 [TS] queueSize [0] totalAdded [7] totalSaved [7] totalFailed [0]
2025-06-08 05:41:58,530 [sql-log-1-thread-1] INFO  o.t.s.dao.sql.TbSqlBlockingQueue - Queue-2 [TS Latest] queueSize [0] totalAdded [7] totalSaved [7] totalFailed [0]
2025-06-08 05:42:18,142 [TB-Scheduling-2] INFO  o.t.s.c.t.s.DefaultTransportService - Transport Stats: openConnections [0]
2025-06-08 05:42:28,507 [sql-log-1-thread-1] INFO  o.t.s.dao.sql.TbSqlBlockingQueue - Queue-0 [TS] queueSize [0] totalAdded [2] totalSaved [2] totalFailed [0]
2025-06-08 05:42:28,510 [sql-log-1-thread-1] INFO  o.t.s.dao.sql.TbSqlBlockingQueue - Queue-2 [TS] queueSize [0] totalAdded [2] totalSaved [2] totalFailed [0]
2025-06-08 05:42:28,532 [sql-log-1-thread-1] INFO  o.t.s.dao.sql.TbSqlBlockingQueue - Queue-0 [TS Latest] queueSize [0] totalAdded [2] totalSaved [2] totalFailed [0]
2025-06-08 05:42:28,533 [sql-log-1-thread-1] INFO  o.t.s.dao.sql.TbSqlBlockingQueue - Queue-2 [TS Latest] queueSize [0] totalAdded [2] totalSaved [2] totalFailed [0]
2025-06-08 05:42:58,510 [sql-log-1-thread-1] INFO  o.t.s.dao.sql.TbSqlBlockingQueue - Queue-2 [TS] queueSize [0] totalAdded [7] totalSaved [7] totalFailed [0]
2025-06-08 05:42:58,532 [sql-log-1-thread-1] INFO  o.t.s.dao.sql.TbSqlBlockingQueue - Queue-2 [TS Latest] queueSize [0] totalAdded [7] totalSaved [7] totalFailed [0]
2025-06-08 05:43:18,144 [TB-Scheduling-1] INFO  o.t.s.c.t.s.DefaultTransportService - Transport Stats: openConnections [0]
2025-06-08 05:43:28,505 [sql-log-1-thread-1] INFO  o.t.s.dao.sql.TbSqlBlockingQueue - Queue-0 [TS] queueSize [0] totalAdded [2] totalSaved [2] totalFailed [0]
2025-06-08 05:43:28,510 [sql-log-1-thread-1] INFO  o.t.s.dao.sql.TbSqlBlockingQueue - Queue-2 [TS] queueSize [0] totalAdded [2] totalSaved [2] totalFailed [0]
2025-06-08 05:43:28,532 [sql-log-1-thread-1] INFO  o.t.s.dao.sql.TbSqlBlockingQueue - Queue-0 [TS Latest] queueSize [0] totalAdded [2] totalSaved [2] totalFailed [0]
2025-06-08 05:43:28,534 [sql-log-1-thread-1] INFO  o.t.s.dao.sql.TbSqlBlockingQueue - Queue-2 [TS Latest] queueSize [0] totalAdded [2] totalSaved [2] totalFailed [0]
2025-06-08 05:43:58,510 [sql-log-1-thread-1] INFO  o.t.s.dao.sql.TbSqlBlockingQueue - Queue-2 [TS] queueSize [0] totalAdded [7] totalSaved [7] totalFailed [0]
2025-06-08 05:43:58,533 [sql-log-1-thread-1] INFO  o.t.s.dao.sql.TbSqlBlockingQueue - Queue-2 [TS Latest] queueSize [0] totalAdded [7] totalSaved [7] totalFailed [0]
2025-06-08 05:44:18,149 [TB-Scheduling-2] INFO  o.t.s.c.t.s.DefaultTransportService - Transport Stats: openConnections [0]
2025-06-08 05:44:28,505 [sql-log-1-thread-1] INFO  o.t.s.dao.sql.TbSqlBlockingQueue - Queue-0 [TS] queueSize [0] totalAdded [2] totalSaved [2] totalFailed [0]
2025-06-08 05:44:28,510 [sql-log-1-thread-1] INFO  o.t.s.dao.sql.TbSqlBlockingQueue - Queue-2 [TS] queueSize [0] totalAdded [2] totalSaved [2] totalFailed [0]
2025-06-08 05:44:28,534 [sql-log-1-thread-1] INFO  o.t.s.dao.sql.TbSqlBlockingQueue - Queue-0 [TS Latest] queueSize [0] totalAdded [2] totalSaved [2] totalFailed [0]
2025-06-08 05:44:28,535 [sql-log-1-thread-1] INFO  o.t.s.dao.sql.TbSqlBlockingQueue - Queue-2 [TS Latest] queueSize [0] totalAdded [2] totalSaved [2] totalFailed [0]
2025-06-08 05:44:58,511 [sql-log-1-thread-1] INFO  o.t.s.dao.sql.TbSqlBlockingQueue - Queue-2 [TS] queueSize [0] totalAdded [7] totalSaved [7] totalFailed [0]
2025-06-08 05:44:58,530 [sql-log-1-thread-1] INFO  o.t.s.dao.sql.TbSqlBlockingQueue - Queue-2 [TS Latest] queueSize [0] totalAdded [7] totalSaved [7] totalFailed [0]
2025-06-08 05:45:18,152 [TB-Scheduling-2] INFO  o.t.s.c.t.s.DefaultTransportService - Transport Stats: openConnections [0]
2025-06-08 05:45:28,509 [sql-log-1-thread-1] INFO  o.t.s.dao.sql.TbSqlBlockingQueue - Queue-0 [TS] queueSize [0] totalAdded [2] totalSaved [2] totalFailed [0]
2025-06-08 05:45:28,510 [sql-log-1-thread-1] INFO  o.t.s.dao.sql.TbSqlBlockingQueue - Queue-2 [TS] queueSize [0] totalAdded [2] totalSaved [2] totalFailed [0]
2025-06-08 05:45:28,531 [sql-log-1-thread-1] INFO  o.t.s.dao.sql.TbSqlBlockingQueue - Queue-0 [TS Latest] queueSize [0] totalAdded [2] totalSaved [2] totalFailed [0]
2025-06-08 05:45:28,531 [sql-log-1-thread-1] INFO  o.t.s.dao.sql.TbSqlBlockingQueue - Queue-2 [TS Latest] queueSize [0] totalAdded [2] totalSaved [2] totalFailed [0]
2025-06-08 05:45:58,509 [sql-log-1-thread-1] INFO  o.t.s.dao.sql.TbSqlBlockingQueue - Queue-2 [TS] queueSize [0] totalAdded [7] totalSaved [7] totalFailed [0]
2025-06-08 05:45:58,530 [sql-log-1-thread-1] INFO  o.t.s.dao.sql.TbSqlBlockingQueue - Queue-2 [TS Latest] queueSize [0] totalAdded [7] totalSaved [7] totalFailed [0]
2025-06-08 05:46:18,157 [TB-Scheduling-1] INFO  o.t.s.c.t.s.DefaultTransportService - Transport Stats: openConnections [0]
2025-06-08 05:46:28,505 [sql-log-1-thread-1] INFO  o.t.s.dao.sql.TbSqlBlockingQueue - Queue-0 [TS] queueSize [0] totalAdded [2] totalSaved [2] totalFailed [0]
2025-06-08 05:46:28,510 [sql-log-1-thread-1] INFO  o.t.s.dao.sql.TbSqlBlockingQueue - Queue-2 [TS] queueSize [0] totalAdded [2] totalSaved [2] totalFailed [0]
2025-06-08 05:46:28,534 [sql-log-1-thread-1] INFO  o.t.s.dao.sql.TbSqlBlockingQueue - Queue-0 [TS Latest] queueSize [0] totalAdded [2] totalSaved [2] totalFailed [0]
2025-06-08 05:46:28,536 [sql-log-1-thread-1] INFO  o.t.s.dao.sql.TbSqlBlockingQueue - Queue-2 [TS Latest] queueSize [0] totalAdded [2] totalSaved [2] totalFailed [0]
2025-06-08 05:46:58,510 [sql-log-1-thread-1] INFO  o.t.s.dao.sql.TbSqlBlockingQueue - Queue-2 [TS] queueSize [0] totalAdded [7] totalSaved [7] totalFailed [0]
2025-06-08 05:46:58,530 [sql-log-1-thread-1] INFO  o.t.s.dao.sql.TbSqlBlockingQueue - Queue-2 [TS Latest] queueSize [0] totalAdded [7] totalSaved [7] totalFailed [0]
2025-06-08 05:47:18,163 [TB-Scheduling-1] INFO  o.t.s.c.t.s.DefaultTransportService - Transport Stats: openConnections [0]
2025-06-08 05:47:28,506 [sql-log-1-thread-1] INFO  o.t.s.dao.sql.TbSqlBlockingQueue - Queue-0 [TS] queueSize [0] totalAdded [2] totalSaved [2] totalFailed [0]
2025-06-08 05:47:28,511 [sql-log-1-thread-1] INFO  o.t.s.dao.sql.TbSqlBlockingQueue - Queue-2 [TS] queueSize [0] totalAdded [2] totalSaved [2] totalFailed [0]
2025-06-08 05:47:28,532 [sql-log-1-thread-1] INFO  o.t.s.dao.sql.TbSqlBlockingQueue - Queue-0 [TS Latest] queueSize [0] totalAdded [2] totalSaved [2] totalFailed [0]
2025-06-08 05:47:28,533 [sql-log-1-thread-1] INFO  o.t.s.dao.sql.TbSqlBlockingQueue - Queue-2 [TS Latest] queueSize [0] totalAdded [2] totalSaved [2] totalFailed [0]
2025-06-08 05:47:58,510 [sql-log-1-thread-1] INFO  o.t.s.dao.sql.TbSqlBlockingQueue - Queue-2 [TS] queueSize [0] totalAdded [7] totalSaved [7] totalFailed [0]
2025-06-08 05:47:58,535 [sql-log-1-thread-1] INFO  o.t.s.dao.sql.TbSqlBlockingQueue - Queue-2 [TS Latest] queueSize [0] totalAdded [7] totalSaved [7] totalFailed [0]
2025-06-08 05:48:18,167 [TB-Scheduling-1] INFO  o.t.s.c.t.s.DefaultTransportService - Transport Stats: openConnections [0]
2025-06-08 05:48:28,505 [sql-log-1-thread-1] INFO  o.t.s.dao.sql.TbSqlBlockingQueue - Queue-0 [TS] queueSize [0] totalAdded [2] totalSaved [2] totalFailed [0]
2025-06-08 05:48:28,510 [sql-log-1-thread-1] INFO  o.t.s.dao.sql.TbSqlBlockingQueue - Queue-2 [TS] queueSize [0] totalAdded [2] totalSaved [2] totalFailed [0]
2025-06-08 05:48:28,531 [sql-log-1-thread-1] INFO  o.t.s.dao.sql.TbSqlBlockingQueue - Queue-0 [TS Latest] queueSize [0] totalAdded [2] totalSaved [2] totalFailed [0]
2025-06-08 05:48:28,531 [sql-log-1-thread-1] INFO  o.t.s.dao.sql.TbSqlBlockingQueue - Queue-2 [TS Latest] queueSize [0] totalAdded [2] totalSaved [2] totalFailed [0]
2025-06-08 05:48:58,510 [sql-log-1-thread-1] INFO  o.t.s.dao.sql.TbSqlBlockingQueue - Queue-2 [TS] queueSize [0] totalAdded [7] totalSaved [7] totalFailed [0]
2025-06-08 05:48:58,533 [sql-log-1-thread-1] INFO  o.t.s.dao.sql.TbSqlBlockingQueue - Queue-2 [TS Latest] queueSize [0] totalAdded [7] totalSaved [7] totalFailed [0]
2025-06-08 05:49:18,172 [TB-Scheduling-1] INFO  o.t.s.c.t.s.DefaultTransportService - Transport Stats: openConnections [0]
2025-06-08 05:49:28,504 [sql-log-1-thread-1] INFO  o.t.s.dao.sql.TbSqlBlockingQueue - Queue-0 [TS] queueSize [0] totalAdded [2] totalSaved [2] totalFailed [0]
2025-06-08 05:49:28,512 [sql-log-1-thread-1] INFO  o.t.s.dao.sql.TbSqlBlockingQueue - Queue-2 [TS] queueSize [0] totalAdded [2] totalSaved [2] totalFailed [0]
2025-06-08 05:49:28,535 [sql-log-1-thread-1] INFO  o.t.s.dao.sql.TbSqlBlockingQueue - Queue-0 [TS Latest] queueSize [0] totalAdded [2] totalSaved [2] totalFailed [0]
2025-06-08 05:49:28,538 [sql-log-1-thread-1] INFO  o.t.s.dao.sql.TbSqlBlockingQueue - Queue-2 [TS Latest] queueSize [0] totalAdded [2] totalSaved [2] totalFailed [0]
2025-06-08 05:49:58,510 [sql-log-1-thread-1] INFO  o.t.s.dao.sql.TbSqlBlockingQueue - Queue-2 [TS] queueSize [0] totalAdded [7] totalSaved [7] totalFailed [0]
2025-06-08 05:49:58,535 [sql-log-1-thread-1] INFO  o.t.s.dao.sql.TbSqlBlockingQueue - Queue-2 [TS Latest] queueSize [0] totalAdded [7] totalSaved [7] totalFailed [0]
2025-06-08 05:50:18,175 [TB-Scheduling-2] INFO  o.t.s.c.t.s.DefaultTransportService - Transport Stats: openConnections [0]
2025-06-08 05:50:28,505 [sql-log-1-thread-1] INFO  o.t.s.dao.sql.TbSqlBlockingQueue - Queue-0 [TS] queueSize [0] totalAdded [2] totalSaved [2] totalFailed [0]
2025-06-08 05:50:28,511 [sql-log-1-thread-1] INFO  o.t.s.dao.sql.TbSqlBlockingQueue - Queue-2 [TS] queueSize [0] totalAdded [2] totalSaved [2] totalFailed [0]
2025-06-08 05:50:28,532 [sql-log-1-thread-1] INFO  o.t.s.dao.sql.TbSqlBlockingQueue - Queue-0 [TS Latest] queueSize [0] totalAdded [2] totalSaved [2] totalFailed [0]
2025-06-08 05:50:28,533 [sql-log-1-thread-1] INFO  o.t.s.dao.sql.TbSqlBlockingQueue - Queue-2 [TS Latest] queueSize [0] totalAdded [2] totalSaved [2] totalFailed [0]
2025-06-08 05:51:08,510 [sql-log-1-thread-1] INFO  o.t.s.dao.sql.TbSqlBlockingQueue - Queue-2 [TS] queueSize [0] totalAdded [7] totalSaved [7] totalFailed [0]
2025-06-08 05:51:08,531 [sql-log-1-thread-1] INFO  o.t.s.dao.sql.TbSqlBlockingQueue - Queue-2 [TS Latest] queueSize [0] totalAdded [7] totalSaved [7] totalFailed [0]
2025-06-08 05:51:18,179 [TB-Scheduling-1] INFO  o.t.s.c.t.s.DefaultTransportService - Transport Stats: openConnections [0]
2025-06-08 05:51:28,503 [sql-log-1-thread-1] INFO  o.t.s.dao.sql.TbSqlBlockingQueue - Queue-0 [TS] queueSize [0] totalAdded [2] totalSaved [2] totalFailed [0]
2025-06-08 05:51:28,510 [sql-log-1-thread-1] INFO  o.t.s.dao.sql.TbSqlBlockingQueue - Queue-2 [TS] queueSize [0] totalAdded [2] totalSaved [2] totalFailed [0]
2025-06-08 05:51:28,531 [sql-log-1-thread-1] INFO  o.t.s.dao.sql.TbSqlBlockingQueue - Queue-0 [TS Latest] queueSize [0] totalAdded [2] totalSaved [2] totalFailed [0]
2025-06-08 05:51:28,531 [sql-log-1-thread-1] INFO  o.t.s.dao.sql.TbSqlBlockingQueue - Queue-2 [TS Latest] queueSize [0] totalAdded [2] totalSaved [2] totalFailed [0]
2025-06-08 05:52:08,511 [sql-log-1-thread-1] INFO  o.t.s.dao.sql.TbSqlBlockingQueue - Queue-2 [TS] queueSize [0] totalAdded [7] totalSaved [7] totalFailed [0]
2025-06-08 05:52:08,536 [sql-log-1-thread-1] INFO  o.t.s.dao.sql.TbSqlBlockingQueue - Queue-2 [TS Latest] queueSize [0] totalAdded [7] totalSaved [7] totalFailed [0]
2025-06-08 05:52:18,183 [TB-Scheduling-2] INFO  o.t.s.c.t.s.DefaultTransportService - Transport Stats: openConnections [0]
2025-06-08 05:52:28,508 [sql-log-1-thread-1] INFO  o.t.s.dao.sql.TbSqlBlockingQueue - Queue-0 [TS] queueSize [0] totalAdded [2] totalSaved [2] totalFailed [0]
2025-06-08 05:52:28,509 [sql-log-1-thread-1] INFO  o.t.s.dao.sql.TbSqlBlockingQueue - Queue-2 [TS] queueSize [0] totalAdded [2] totalSaved [2] totalFailed [0]
2025-06-08 05:52:28,534 [sql-log-1-thread-1] INFO  o.t.s.dao.sql.TbSqlBlockingQueue - Queue-0 [TS Latest] queueSize [0] totalAdded [2] totalSaved [2] totalFailed [0]
2025-06-08 05:52:28,534 [sql-log-1-thread-1] INFO  o.t.s.dao.sql.TbSqlBlockingQueue - Queue-2 [TS Latest] queueSize [0] totalAdded [2] totalSaved [2] totalFailed [0]
2025-06-08 05:53:08,511 [sql-log-1-thread-1] INFO  o.t.s.dao.sql.TbSqlBlockingQueue - Queue-2 [TS] queueSize [0] totalAdded [7] totalSaved [7] totalFailed [0]
2025-06-08 05:53:08,532 [sql-log-1-thread-1] INFO  o.t.s.dao.sql.TbSqlBlockingQueue - Queue-2 [TS Latest] queueSize [0] totalAdded [7] totalSaved [7] totalFailed [0]
2025-06-08 05:53:18,192 [TB-Scheduling-1] INFO  o.t.s.c.t.s.DefaultTransportService - Transport Stats: openConnections [0]
2025-06-08 05:53:28,514 [sql-log-1-thread-1] INFO  o.t.s.dao.sql.TbSqlBlockingQueue - Queue-0 [TS] queueSize [0] totalAdded [2] totalSaved [2] totalFailed [0]
2025-06-08 05:53:28,516 [sql-log-1-thread-1] INFO  o.t.s.dao.sql.TbSqlBlockingQueue - Queue-2 [TS] queueSize [0] totalAdded [2] totalSaved [2] totalFailed [0]
2025-06-08 05:53:28,533 [sql-log-1-thread-1] INFO  o.t.s.dao.sql.TbSqlBlockingQueue - Queue-0 [TS Latest] queueSize [0] totalAdded [2] totalSaved [2] totalFailed [0]
2025-06-08 05:53:28,534 [sql-log-1-thread-1] INFO  o.t.s.dao.sql.TbSqlBlockingQueue - Queue-2 [TS Latest] queueSize [0] totalAdded [2] totalSaved [2] totalFailed [0]
2025-06-08 05:54:08,512 [sql-log-1-thread-1] INFO  o.t.s.dao.sql.TbSqlBlockingQueue - Queue-2 [TS] queueSize [0] totalAdded [7] totalSaved [7] totalFailed [0]
2025-06-08 05:54:08,537 [sql-log-1-thread-1] INFO  o.t.s.dao.sql.TbSqlBlockingQueue - Queue-2 [TS Latest] queueSize [0] totalAdded [7] totalSaved [7] totalFailed [0]
2025-06-08 05:54:18,222 [TB-Scheduling-2] INFO  o.t.s.c.t.s.DefaultTransportService - Transport Stats: openConnections [0]
2025-06-08 05:54:28,504 [sql-log-1-thread-1] INFO  o.t.s.dao.sql.TbSqlBlockingQueue - Queue-0 [TS] queueSize [0] totalAdded [2] totalSaved [2] totalFailed [0]
2025-06-08 05:54:28,509 [sql-log-1-thread-1] INFO  o.t.s.dao.sql.TbSqlBlockingQueue - Queue-2 [TS] queueSize [0] totalAdded [2] totalSaved [2] totalFailed [0]
2025-06-08 05:54:28,531 [sql-log-1-thread-1] INFO  o.t.s.dao.sql.TbSqlBlockingQueue - Queue-0 [TS Latest] queueSize [0] totalAdded [2] totalSaved [2] totalFailed [0]
2025-06-08 05:54:28,532 [sql-log-1-thread-1] INFO  o.t.s.dao.sql.TbSqlBlockingQueue - Queue-2 [TS Latest] queueSize [0] totalAdded [2] totalSaved [2] totalFailed [0]
2025-06-08 05:55:08,511 [sql-log-1-thread-1] INFO  o.t.s.dao.sql.TbSqlBlockingQueue - Queue-2 [TS] queueSize [0] totalAdded [7] totalSaved [7] totalFailed [0]
2025-06-08 05:55:08,531 [sql-log-1-thread-1] INFO  o.t.s.dao.sql.TbSqlBlockingQueue - Queue-2 [TS Latest] queueSize [0] totalAdded [7] totalSaved [7] totalFailed [0]
2025-06-08 05:55:18,229 [TB-Scheduling-1] INFO  o.t.s.c.t.s.DefaultTransportService - Transport Stats: openConnections [0]
2025-06-08 05:55:28,505 [sql-log-1-thread-1] INFO  o.t.s.dao.sql.TbSqlBlockingQueue - Queue-0 [TS] queueSize [0] totalAdded [2] totalSaved [2] totalFailed [0]
2025-06-08 05:55:28,509 [sql-log-1-thread-1] INFO  o.t.s.dao.sql.TbSqlBlockingQueue - Queue-2 [TS] queueSize [0] totalAdded [2] totalSaved [2] totalFailed [0]
2025-06-08 05:55:28,533 [sql-log-1-thread-1] INFO  o.t.s.dao.sql.TbSqlBlockingQueue - Queue-0 [TS Latest] queueSize [0] totalAdded [2] totalSaved [2] totalFailed [0]
2025-06-08 05:55:28,535 [sql-log-1-thread-1] INFO  o.t.s.dao.sql.TbSqlBlockingQueue - Queue-2 [TS Latest] queueSize [0] totalAdded [2] totalSaved [2] totalFailed [0]
2025-06-08 05:56:08,511 [sql-log-1-thread-1] INFO  o.t.s.dao.sql.TbSqlBlockingQueue - Queue-2 [TS] queueSize [0] totalAdded [7] totalSaved [7] totalFailed [0]
2025-06-08 05:56:08,534 [sql-log-1-thread-1] INFO  o.t.s.dao.sql.TbSqlBlockingQueue - Queue-2 [TS Latest] queueSize [0] totalAdded [7] totalSaved [7] totalFailed [0]
2025-06-08 05:56:18,232 [TB-Scheduling-2] INFO  o.t.s.c.t.s.DefaultTransportService - Transport Stats: openConnections [0]
2025-06-08 05:56:28,505 [sql-log-1-thread-1] INFO  o.t.s.dao.sql.TbSqlBlockingQueue - Queue-0 [TS] queueSize [0] totalAdded [2] totalSaved [2] totalFailed [0]
2025-06-08 05:56:28,510 [sql-log-1-thread-1] INFO  o.t.s.dao.sql.TbSqlBlockingQueue - Queue-2 [TS] queueSize [0] totalAdded [2] totalSaved [2] totalFailed [0]
2025-06-08 05:56:28,531 [sql-log-1-thread-1] INFO  o.t.s.dao.sql.TbSqlBlockingQueue - Queue-0 [TS Latest] queueSize [0] totalAdded [2] totalSaved [2] totalFailed [0]
2025-06-08 05:56:28,531 [sql-log-1-thread-1] INFO  o.t.s.dao.sql.TbSqlBlockingQueue - Queue-2 [TS Latest] queueSize [0] totalAdded [2] totalSaved [2] totalFailed [0]
2025-06-08 05:57:08,510 [sql-log-1-thread-1] INFO  o.t.s.dao.sql.TbSqlBlockingQueue - Queue-2 [TS] queueSize [0] totalAdded [7] totalSaved [7] totalFailed [0]
2025-06-08 05:57:08,532 [sql-log-1-thread-1] INFO  o.t.s.dao.sql.TbSqlBlockingQueue - Queue-2 [TS Latest] queueSize [0] totalAdded [7] totalSaved [7] totalFailed [0]
2025-06-08 05:57:18,238 [TB-Scheduling-2] INFO  o.t.s.c.t.s.DefaultTransportService - Transport Stats: openConnections [0]
2025-06-08 05:57:28,505 [sql-log-1-thread-1] INFO  o.t.s.dao.sql.TbSqlBlockingQueue - Queue-0 [TS] queueSize [0] totalAdded [2] totalSaved [2] totalFailed [0]
2025-06-08 05:57:28,510 [sql-log-1-thread-1] INFO  o.t.s.dao.sql.TbSqlBlockingQueue - Queue-2 [TS] queueSize [0] totalAdded [2] totalSaved [2] totalFailed [0]
2025-06-08 05:57:28,531 [sql-log-1-thread-1] INFO  o.t.s.dao.sql.TbSqlBlockingQueue - Queue-0 [TS Latest] queueSize [0] totalAdded [2] totalSaved [2] totalFailed [0]
2025-06-08 05:57:28,532 [sql-log-1-thread-1] INFO  o.t.s.dao.sql.TbSqlBlockingQueue - Queue-2 [TS Latest] queueSize [0] totalAdded [2] totalSaved [2] totalFailed [0]
2025-06-08 05:58:08,509 [sql-log-1-thread-1] INFO  o.t.s.dao.sql.TbSqlBlockingQueue - Queue-2 [TS] queueSize [0] totalAdded [7] totalSaved [7] totalFailed [0]
2025-06-08 05:58:08,533 [sql-log-1-thread-1] INFO  o.t.s.dao.sql.TbSqlBlockingQueue - Queue-2 [TS Latest] queueSize [0] totalAdded [7] totalSaved [7] totalFailed [0]
2025-06-08 05:58:18,242 [TB-Scheduling-2] INFO  o.t.s.c.t.s.DefaultTransportService - Transport Stats: openConnections [0]
2025-06-08 05:58:28,506 [sql-log-1-thread-1] INFO  o.t.s.dao.sql.TbSqlBlockingQueue - Queue-0 [TS] queueSize [0] totalAdded [2] totalSaved [2] totalFailed [0]
2025-06-08 05:58:28,510 [sql-log-1-thread-1] INFO  o.t.s.dao.sql.TbSqlBlockingQueue - Queue-2 [TS] queueSize [0] totalAdded [2] totalSaved [2] totalFailed [0]
2025-06-08 05:58:28,531 [sql-log-1-thread-1] INFO  o.t.s.dao.sql.TbSqlBlockingQueue - Queue-0 [TS Latest] queueSize [0] totalAdded [2] totalSaved [2] totalFailed [0]
2025-06-08 05:58:28,531 [sql-log-1-thread-1] INFO  o.t.s.dao.sql.TbSqlBlockingQueue - Queue-2 [TS Latest] queueSize [0] totalAdded [2] totalSaved [2] totalFailed [0]
2025-06-08 05:59:08,510 [sql-log-1-thread-1] INFO  o.t.s.dao.sql.TbSqlBlockingQueue - Queue-2 [TS] queueSize [0] totalAdded [7] totalSaved [7] totalFailed [0]
2025-06-08 05:59:08,530 [sql-log-1-thread-1] INFO  o.t.s.dao.sql.TbSqlBlockingQueue - Queue-2 [TS Latest] queueSize [0] totalAdded [7] totalSaved [7] totalFailed [0]
2025-06-08 05:59:18,244 [TB-Scheduling-2] INFO  o.t.s.c.t.s.DefaultTransportService - Transport Stats: openConnections [0]
2025-06-08 05:59:28,504 [sql-log-1-thread-1] INFO  o.t.s.dao.sql.TbSqlBlockingQueue - Queue-0 [TS] queueSize [0] totalAdded [2] totalSaved [2] totalFailed [0]
2025-06-08 05:59:28,509 [sql-log-1-thread-1] INFO  o.t.s.dao.sql.TbSqlBlockingQueue - Queue-2 [TS] queueSize [0] totalAdded [2] totalSaved [2] totalFailed [0]
2025-06-08 05:59:28,531 [sql-log-1-thread-1] INFO  o.t.s.dao.sql.TbSqlBlockingQueue - Queue-0 [TS Latest] queueSize [0] totalAdded [2] totalSaved [2] totalFailed [0]
2025-06-08 05:59:28,531 [sql-log-1-thread-1] INFO  o.t.s.dao.sql.TbSqlBlockingQueue - Queue-2 [TS Latest] queueSize [0] totalAdded [2] totalSaved [2] totalFailed [0]
2025-06-08 06:00:08,510 [sql-log-1-thread-1] INFO  o.t.s.dao.sql.TbSqlBlockingQueue - Queue-2 [TS] queueSize [0] totalAdded [7] totalSaved [7] totalFailed [0]
2025-06-08 06:00:08,538 [sql-log-1-thread-1] INFO  o.t.s.dao.sql.TbSqlBlockingQueue - Queue-2 [TS Latest] queueSize [0] totalAdded [7] totalSaved [7] totalFailed [0]
2025-06-08 06:00:18,250 [TB-Scheduling-1] INFO  o.t.s.c.t.s.DefaultTransportService - Transport Stats: openConnections [0]
2025-06-08 06:00:28,507 [sql-log-1-thread-1] INFO  o.t.s.dao.sql.TbSqlBlockingQueue - Queue-0 [TS] queueSize [0] totalAdded [4] totalSaved [4] totalFailed [0]
2025-06-08 06:00:28,509 [sql-log-1-thread-1] INFO  o.t.s.dao.sql.TbSqlBlockingQueue - Queue-2 [TS] queueSize [0] totalAdded [2] totalSaved [2] totalFailed [0]
2025-06-08 06:00:28,531 [sql-log-1-thread-1] INFO  o.t.s.dao.sql.TbSqlBlockingQueue - Queue-0 [TS Latest] queueSize [0] totalAdded [4] totalSaved [4] totalFailed [0]
2025-06-08 06:00:28,531 [sql-log-1-thread-1] INFO  o.t.s.dao.sql.TbSqlBlockingQueue - Queue-2 [TS Latest] queueSize [0] totalAdded [2] totalSaved [2] totalFailed [0]
2025-06-08 06:01:18,251 [TB-Scheduling-1] INFO  o.t.s.c.t.s.DefaultTransportService - Transport Stats: openConnections [0]
2025-06-08 06:01:18,511 [sql-log-1-thread-1] INFO  o.t.s.dao.sql.TbSqlBlockingQueue - Queue-2 [TS] queueSize [0] totalAdded [7] totalSaved [7] totalFailed [0]
2025-06-08 06:01:18,530 [sql-log-1-thread-1] INFO  o.t.s.dao.sql.TbSqlBlockingQueue - Queue-2 [TS Latest] queueSize [0] totalAdded [7] totalSaved [7] totalFailed [0]
2025-06-08 06:01:28,507 [sql-log-1-thread-1] INFO  o.t.s.dao.sql.TbSqlBlockingQueue - Queue-0 [TS] queueSize [0] totalAdded [2] totalSaved [2] totalFailed [0]
2025-06-08 06:01:28,510 [sql-log-1-thread-1] INFO  o.t.s.dao.sql.TbSqlBlockingQueue - Queue-2 [TS] queueSize [0] totalAdded [2] totalSaved [2] totalFailed [0]
2025-06-08 06:01:28,533 [sql-log-1-thread-1] INFO  o.t.s.dao.sql.TbSqlBlockingQueue - Queue-0 [TS Latest] queueSize [0] totalAdded [2] totalSaved [2] totalFailed [0]
2025-06-08 06:01:28,533 [sql-log-1-thread-1] INFO  o.t.s.dao.sql.TbSqlBlockingQueue - Queue-2 [TS Latest] queueSize [0] totalAdded [2] totalSaved [2] totalFailed [0]
2025-06-08 06:02:18,255 [TB-Scheduling-1] INFO  o.t.s.c.t.s.DefaultTransportService - Transport Stats: openConnections [0]
2025-06-08 06:02:18,510 [sql-log-1-thread-1] INFO  o.t.s.dao.sql.TbSqlBlockingQueue - Queue-2 [TS] queueSize [0] totalAdded [7] totalSaved [7] totalFailed [0]
2025-06-08 06:02:18,532 [sql-log-1-thread-1] INFO  o.t.s.dao.sql.TbSqlBlockingQueue - Queue-2 [TS Latest] queueSize [0] totalAdded [7] totalSaved [7] totalFailed [0]
2025-06-08 06:02:28,505 [sql-log-1-thread-1] INFO  o.t.s.dao.sql.TbSqlBlockingQueue - Queue-0 [TS] queueSize [0] totalAdded [2] totalSaved [2] totalFailed [0]
2025-06-08 06:02:28,510 [sql-log-1-thread-1] INFO  o.t.s.dao.sql.TbSqlBlockingQueue - Queue-2 [TS] queueSize [0] totalAdded [2] totalSaved [2] totalFailed [0]
2025-06-08 06:02:28,531 [sql-log-1-thread-1] INFO  o.t.s.dao.sql.TbSqlBlockingQueue - Queue-0 [TS Latest] queueSize [0] totalAdded [2] totalSaved [2] totalFailed [0]
2025-06-08 06:02:28,531 [sql-log-1-thread-1] INFO  o.t.s.dao.sql.TbSqlBlockingQueue - Queue-2 [TS Latest] queueSize [0] totalAdded [2] totalSaved [2] totalFailed [0]
2025-06-08 06:03:18,259 [TB-Scheduling-1] INFO  o.t.s.c.t.s.DefaultTransportService - Transport Stats: openConnections [0]
2025-06-08 06:03:18,511 [sql-log-1-thread-1] INFO  o.t.s.dao.sql.TbSqlBlockingQueue - Queue-2 [TS] queueSize [0] totalAdded [7] totalSaved [7] totalFailed [0]
2025-06-08 06:03:18,532 [sql-log-1-thread-1] INFO  o.t.s.dao.sql.TbSqlBlockingQueue - Queue-2 [TS Latest] queueSize [0] totalAdded [7] totalSaved [7] totalFailed [0]
2025-06-08 06:03:28,507 [sql-log-1-thread-1] INFO  o.t.s.dao.sql.TbSqlBlockingQueue - Queue-0 [TS] queueSize [0] totalAdded [3] totalSaved [3] totalFailed [0]
2025-06-08 06:03:28,510 [sql-log-1-thread-1] INFO  o.t.s.dao.sql.TbSqlBlockingQueue - Queue-2 [TS] queueSize [0] totalAdded [2] totalSaved [2] totalFailed [0]
2025-06-08 06:03:28,533 [sql-log-1-thread-1] INFO  o.t.s.dao.sql.TbSqlBlockingQueue - Queue-0 [TS Latest] queueSize [0] totalAdded [3] totalSaved [3] totalFailed [0]
2025-06-08 06:03:28,533 [sql-log-1-thread-1] INFO  o.t.s.dao.sql.TbSqlBlockingQueue - Queue-2 [TS Latest] queueSize [0] totalAdded [2] totalSaved [2] totalFailed [0]
2025-06-08 06:04:08,947 [subscription-scheduler-23-thread-1] INFO  o.t.s.s.s.DefaultSubscriptionManagerService - Removed 0 old entity update records.
2025-06-08 06:04:18,261 [TB-Scheduling-2] INFO  o.t.s.c.t.s.DefaultTransportService - Transport Stats: openConnections [0]
2025-06-08 06:04:18,510 [sql-log-1-thread-1] INFO  o.t.s.dao.sql.TbSqlBlockingQueue - Queue-2 [TS] queueSize [0] totalAdded [7] totalSaved [7] totalFailed [0]
2025-06-08 06:04:18,532 [sql-log-1-thread-1] INFO  o.t.s.dao.sql.TbSqlBlockingQueue - Queue-2 [TS Latest] queueSize [0] totalAdded [7] totalSaved [7] totalFailed [0]
2025-06-08 06:04:26,150 [sql-log-1-thread-1] INFO  o.t.s.dao.sql.TbSqlBlockingQueue - Queue-0 [Events] queueSize [0] totalAdded [1] totalSaved [1] totalFailed [0]
2025-06-08 06:04:26,151 [sql-log-1-thread-1] INFO  o.t.s.dao.sql.TbSqlBlockingQueue - Queue-1 [Events] queueSize [0] totalAdded [1] totalSaved [1] totalFailed [0]
2025-06-08 06:04:28,503 [sql-log-1-thread-1] INFO  o.t.s.dao.sql.TbSqlBlockingQueue - Queue-0 [TS] queueSize [0] totalAdded [2] totalSaved [2] totalFailed [0]
2025-06-08 06:04:28,511 [sql-log-1-thread-1] INFO  o.t.s.dao.sql.TbSqlBlockingQueue - Queue-2 [TS] queueSize [0] totalAdded [2] totalSaved [2] totalFailed [0]
2025-06-08 06:04:28,535 [sql-log-1-thread-1] INFO  o.t.s.dao.sql.TbSqlBlockingQueue - Queue-0 [TS Latest] queueSize [0] totalAdded [2] totalSaved [2] totalFailed [0]
2025-06-08 06:04:28,536 [sql-log-1-thread-1] INFO  o.t.s.dao.sql.TbSqlBlockingQueue - Queue-2 [TS Latest] queueSize [0] totalAdded [2] totalSaved [2] totalFailed [0]
2025-06-08 06:05:18,263 [TB-Scheduling-1] INFO  o.t.s.c.t.s.DefaultTransportService - Transport Stats: openConnections [0]
2025-06-08 06:05:18,510 [sql-log-1-thread-1] INFO  o.t.s.dao.sql.TbSqlBlockingQueue - Queue-2 [TS] queueSize [0] totalAdded [7] totalSaved [7] totalFailed [0]
2025-06-08 06:05:18,536 [sql-log-1-thread-1] INFO  o.t.s.dao.sql.TbSqlBlockingQueue - Queue-2 [TS Latest] queueSize [0] totalAdded [7] totalSaved [7] totalFailed [0]
2025-06-08 06:05:28,505 [sql-log-1-thread-1] INFO  o.t.s.dao.sql.TbSqlBlockingQueue - Queue-0 [TS] queueSize [0] totalAdded [2] totalSaved [2] totalFailed [0]
2025-06-08 06:05:28,511 [sql-log-1-thread-1] INFO  o.t.s.dao.sql.TbSqlBlockingQueue - Queue-2 [TS] queueSize [0] totalAdded [2] totalSaved [2] totalFailed [0]
2025-06-08 06:05:28,530 [sql-log-1-thread-1] INFO  o.t.s.dao.sql.TbSqlBlockingQueue - Queue-0 [TS Latest] queueSize [0] totalAdded [2] totalSaved [2] totalFailed [0]
2025-06-08 06:05:28,531 [sql-log-1-thread-1] INFO  o.t.s.dao.sql.TbSqlBlockingQueue - Queue-2 [TS Latest] queueSize [0] totalAdded [2] totalSaved [2] totalFailed [0]
2025-06-08 06:06:18,266 [TB-Scheduling-1] INFO  o.t.s.c.t.s.DefaultTransportService - Transport Stats: openConnections [0]
2025-06-08 06:06:18,512 [sql-log-1-thread-1] INFO  o.t.s.dao.sql.TbSqlBlockingQueue - Queue-2 [TS] queueSize [0] totalAdded [7] totalSaved [7] totalFailed [0]
2025-06-08 06:06:18,533 [sql-log-1-thread-1] INFO  o.t.s.dao.sql.TbSqlBlockingQueue - Queue-2 [TS Latest] queueSize [0] totalAdded [7] totalSaved [7] totalFailed [0]
2025-06-08 06:06:28,503 [sql-log-1-thread-1] INFO  o.t.s.dao.sql.TbSqlBlockingQueue - Queue-0 [TS] queueSize [0] totalAdded [2] totalSaved [2] totalFailed [0]
2025-06-08 06:06:28,509 [sql-log-1-thread-1] INFO  o.t.s.dao.sql.TbSqlBlockingQueue - Queue-2 [TS] queueSize [0] totalAdded [2] totalSaved [2] totalFailed [0]
2025-06-08 06:06:28,532 [sql-log-1-thread-1] INFO  o.t.s.dao.sql.TbSqlBlockingQueue - Queue-0 [TS Latest] queueSize [0] totalAdded [2] totalSaved [2] totalFailed [0]
2025-06-08 06:06:28,533 [sql-log-1-thread-1] INFO  o.t.s.dao.sql.TbSqlBlockingQueue - Queue-2 [TS Latest] queueSize [0] totalAdded [2] totalSaved [2] totalFailed [0]
2025-06-08 06:07:18,268 [TB-Scheduling-2] INFO  o.t.s.c.t.s.DefaultTransportService - Transport Stats: openConnections [0]
2025-06-08 06:07:18,508 [sql-log-1-thread-1] INFO  o.t.s.dao.sql.TbSqlBlockingQueue - Queue-2 [TS] queueSize [0] totalAdded [7] totalSaved [7] totalFailed [0]
2025-06-08 06:07:18,535 [sql-log-1-thread-1] INFO  o.t.s.dao.sql.TbSqlBlockingQueue - Queue-2 [TS Latest] queueSize [0] totalAdded [7] totalSaved [7] totalFailed [0]
2025-06-08 06:07:28,505 [sql-log-1-thread-1] INFO  o.t.s.dao.sql.TbSqlBlockingQueue - Queue-0 [TS] queueSize [0] totalAdded [2] totalSaved [2] totalFailed [0]
2025-06-08 06:07:28,509 [sql-log-1-thread-1] INFO  o.t.s.dao.sql.TbSqlBlockingQueue - Queue-2 [TS] queueSize [0] totalAdded [2] totalSaved [2] totalFailed [0]
2025-06-08 06:07:28,532 [sql-log-1-thread-1] INFO  o.t.s.dao.sql.TbSqlBlockingQueue - Queue-0 [TS Latest] queueSize [0] totalAdded [2] totalSaved [2] totalFailed [0]
2025-06-08 06:07:28,533 [sql-log-1-thread-1] INFO  o.t.s.dao.sql.TbSqlBlockingQueue - Queue-2 [TS Latest] queueSize [0] totalAdded [2] totalSaved [2] totalFailed [0]
2025-06-08 06:08:18,271 [TB-Scheduling-1] INFO  o.t.s.c.t.s.DefaultTransportService - Transport Stats: openConnections [0]
2025-06-08 06:08:18,510 [sql-log-1-thread-1] INFO  o.t.s.dao.sql.TbSqlBlockingQueue - Queue-2 [TS] queueSize [0] totalAdded [7] totalSaved [7] totalFailed [0]
2025-06-08 06:08:18,531 [sql-log-1-thread-1] INFO  o.t.s.dao.sql.TbSqlBlockingQueue - Queue-2 [TS Latest] queueSize [0] totalAdded [7] totalSaved [7] totalFailed [0]
2025-06-08 06:08:28,508 [sql-log-1-thread-1] INFO  o.t.s.dao.sql.TbSqlBlockingQueue - Queue-0 [TS] queueSize [0] totalAdded [2] totalSaved [2] totalFailed [0]
2025-06-08 06:08:28,509 [sql-log-1-thread-1] INFO  o.t.s.dao.sql.TbSqlBlockingQueue - Queue-2 [TS] queueSize [0] totalAdded [2] totalSaved [2] totalFailed [0]
2025-06-08 06:08:28,533 [sql-log-1-thread-1] INFO  o.t.s.dao.sql.TbSqlBlockingQueue - Queue-0 [TS Latest] queueSize [0] totalAdded [2] totalSaved [2] totalFailed [0]
2025-06-08 06:08:28,533 [sql-log-1-thread-1] INFO  o.t.s.dao.sql.TbSqlBlockingQueue - Queue-2 [TS Latest] queueSize [0] totalAdded [2] totalSaved [2] totalFailed [0]
2025-06-08 06:09:18,275 [TB-Scheduling-2] INFO  o.t.s.c.t.s.DefaultTransportService - Transport Stats: openConnections [0]
2025-06-08 06:09:18,510 [sql-log-1-thread-1] INFO  o.t.s.dao.sql.TbSqlBlockingQueue - Queue-2 [TS] queueSize [0] totalAdded [7] totalSaved [7] totalFailed [0]
2025-06-08 06:09:18,534 [sql-log-1-thread-1] INFO  o.t.s.dao.sql.TbSqlBlockingQueue - Queue-2 [TS Latest] queueSize [0] totalAdded [7] totalSaved [7] totalFailed [0]
2025-06-08 06:09:28,504 [sql-log-1-thread-1] INFO  o.t.s.dao.sql.TbSqlBlockingQueue - Queue-0 [TS] queueSize [0] totalAdded [2] totalSaved [2] totalFailed [0]
2025-06-08 06:09:28,511 [sql-log-1-thread-1] INFO  o.t.s.dao.sql.TbSqlBlockingQueue - Queue-2 [TS] queueSize [0] totalAdded [2] totalSaved [2] totalFailed [0]
2025-06-08 06:09:28,533 [sql-log-1-thread-1] INFO  o.t.s.dao.sql.TbSqlBlockingQueue - Queue-0 [TS Latest] queueSize [0] totalAdded [2] totalSaved [2] totalFailed [0]
2025-06-08 06:09:28,534 [sql-log-1-thread-1] INFO  o.t.s.dao.sql.TbSqlBlockingQueue - Queue-2 [TS Latest] queueSize [0] totalAdded [2] totalSaved [2] totalFailed [0]
2025-06-08 06:10:18,278 [TB-Scheduling-1] INFO  o.t.s.c.t.s.DefaultTransportService - Transport Stats: openConnections [0]
2025-06-08 06:10:18,510 [sql-log-1-thread-1] INFO  o.t.s.dao.sql.TbSqlBlockingQueue - Queue-2 [TS] queueSize [0] totalAdded [7] totalSaved [7] totalFailed [0]
2025-06-08 06:10:18,535 [sql-log-1-thread-1] INFO  o.t.s.dao.sql.TbSqlBlockingQueue - Queue-2 [TS Latest] queueSize [0] totalAdded [7] totalSaved [7] totalFailed [0]
2025-06-08 06:10:28,506 [sql-log-1-thread-1] INFO  o.t.s.dao.sql.TbSqlBlockingQueue - Queue-0 [TS] queueSize [0] totalAdded [2] totalSaved [2] totalFailed [0]
2025-06-08 06:10:28,510 [sql-log-1-thread-1] INFO  o.t.s.dao.sql.TbSqlBlockingQueue - Queue-2 [TS] queueSize [0] totalAdded [2] totalSaved [2] totalFailed [0]
2025-06-08 06:10:28,531 [sql-log-1-thread-1] INFO  o.t.s.dao.sql.TbSqlBlockingQueue - Queue-0 [TS Latest] queueSize [0] totalAdded [2] totalSaved [2] totalFailed [0]
2025-06-08 06:10:28,531 [sql-log-1-thread-1] INFO  o.t.s.dao.sql.TbSqlBlockingQueue - Queue-2 [TS Latest] queueSize [0] totalAdded [2] totalSaved [2] totalFailed [0]
2025-06-08 06:11:18,280 [TB-Scheduling-1] INFO  o.t.s.c.t.s.DefaultTransportService - Transport Stats: openConnections [0]
2025-06-08 06:11:28,507 [sql-log-1-thread-1] INFO  o.t.s.dao.sql.TbSqlBlockingQueue - Queue-0 [TS] queueSize [0] totalAdded [2] totalSaved [2] totalFailed [0]
2025-06-08 06:11:28,509 [sql-log-1-thread-1] INFO  o.t.s.dao.sql.TbSqlBlockingQueue - Queue-2 [TS] queueSize [0] totalAdded [9] totalSaved [9] totalFailed [0]
2025-06-08 06:11:28,531 [sql-log-1-thread-1] INFO  o.t.s.dao.sql.TbSqlBlockingQueue - Queue-0 [TS Latest] queueSize [0] totalAdded [2] totalSaved [2] totalFailed [0]
2025-06-08 06:11:28,531 [sql-log-1-thread-1] INFO  o.t.s.dao.sql.TbSqlBlockingQueue - Queue-2 [TS Latest] queueSize [0] totalAdded [9] totalSaved [9] totalFailed [0]
2025-06-08 06:12:18,284 [TB-Scheduling-1] INFO  o.t.s.c.t.s.DefaultTransportService - Transport Stats: openConnections [0]
2025-06-08 06:12:28,510 [sql-log-1-thread-1] INFO  o.t.s.dao.sql.TbSqlBlockingQueue - Queue-0 [TS] queueSize [0] totalAdded [2] totalSaved [2] totalFailed [0]
2025-06-08 06:12:28,511 [sql-log-1-thread-1] INFO  o.t.s.dao.sql.TbSqlBlockingQueue - Queue-2 [TS] queueSize [0] totalAdded [9] totalSaved [9] totalFailed [0]
2025-06-08 06:12:28,531 [sql-log-1-thread-1] INFO  o.t.s.dao.sql.TbSqlBlockingQueue - Queue-0 [TS Latest] queueSize [0] totalAdded [2] totalSaved [2] totalFailed [0]
2025-06-08 06:12:28,532 [sql-log-1-thread-1] INFO  o.t.s.dao.sql.TbSqlBlockingQueue - Queue-2 [TS Latest] queueSize [0] totalAdded [9] totalSaved [9] totalFailed [0]
2025-06-08 06:13:18,291 [TB-Scheduling-2] INFO  o.t.s.c.t.s.DefaultTransportService - Transport Stats: openConnections [0]
2025-06-08 06:13:28,507 [sql-log-1-thread-1] INFO  o.t.s.dao.sql.TbSqlBlockingQueue - Queue-0 [TS] queueSize [0] totalAdded [2] totalSaved [2] totalFailed [0]
2025-06-08 06:13:28,509 [sql-log-1-thread-1] INFO  o.t.s.dao.sql.TbSqlBlockingQueue - Queue-2 [TS] queueSize [0] totalAdded [9] totalSaved [9] totalFailed [0]
2025-06-08 06:13:28,535 [sql-log-1-thread-1] INFO  o.t.s.dao.sql.TbSqlBlockingQueue - Queue-0 [TS Latest] queueSize [0] totalAdded [2] totalSaved [2] totalFailed [0]
2025-06-08 06:13:28,537 [sql-log-1-thread-1] INFO  o.t.s.dao.sql.TbSqlBlockingQueue - Queue-2 [TS Latest] queueSize [0] totalAdded [9] totalSaved [9] totalFailed [0]
2025-06-08 06:14:18,303 [TB-Scheduling-2] INFO  o.t.s.c.t.s.DefaultTransportService - Transport Stats: openConnections [0]
2025-06-08 06:14:28,504 [sql-log-1-thread-1] INFO  o.t.s.dao.sql.TbSqlBlockingQueue - Queue-0 [TS] queueSize [0] totalAdded [2] totalSaved [2] totalFailed [0]
2025-06-08 06:14:28,509 [sql-log-1-thread-1] INFO  o.t.s.dao.sql.TbSqlBlockingQueue - Queue-2 [TS] queueSize [0] totalAdded [9] totalSaved [9] totalFailed [0]
2025-06-08 06:14:28,531 [sql-log-1-thread-1] INFO  o.t.s.dao.sql.TbSqlBlockingQueue - Queue-0 [TS Latest] queueSize [0] totalAdded [2] totalSaved [2] totalFailed [0]
2025-06-08 06:14:28,532 [sql-log-1-thread-1] INFO  o.t.s.dao.sql.TbSqlBlockingQueue - Queue-2 [TS Latest] queueSize [0] totalAdded [9] totalSaved [9] totalFailed [0]
2025-06-08 06:15:18,306 [TB-Scheduling-1] INFO  o.t.s.c.t.s.DefaultTransportService - Transport Stats: openConnections [0]
2025-06-08 06:15:28,505 [sql-log-1-thread-1] INFO  o.t.s.dao.sql.TbSqlBlockingQueue - Queue-0 [TS] queueSize [0] totalAdded [2] totalSaved [2] totalFailed [0]
2025-06-08 06:15:28,510 [sql-log-1-thread-1] INFO  o.t.s.dao.sql.TbSqlBlockingQueue - Queue-2 [TS] queueSize [0] totalAdded [9] totalSaved [9] totalFailed [0]
2025-06-08 06:15:28,530 [sql-log-1-thread-1] INFO  o.t.s.dao.sql.TbSqlBlockingQueue - Queue-0 [TS Latest] queueSize [0] totalAdded [2] totalSaved [2] totalFailed [0]
2025-06-08 06:15:28,531 [sql-log-1-thread-1] INFO  o.t.s.dao.sql.TbSqlBlockingQueue - Queue-2 [TS Latest] queueSize [0] totalAdded [9] totalSaved [9] totalFailed [0]
2025-06-08 06:16:18,316 [TB-Scheduling-1] INFO  o.t.s.c.t.s.DefaultTransportService - Transport Stats: openConnections [0]
2025-06-08 06:16:28,505 [sql-log-1-thread-1] INFO  o.t.s.dao.sql.TbSqlBlockingQueue - Queue-0 [TS] queueSize [0] totalAdded [2] totalSaved [2] totalFailed [0]
2025-06-08 06:16:28,510 [sql-log-1-thread-1] INFO  o.t.s.dao.sql.TbSqlBlockingQueue - Queue-2 [TS] queueSize [0] totalAdded [9] totalSaved [9] totalFailed [0]
2025-06-08 06:16:28,532 [sql-log-1-thread-1] INFO  o.t.s.dao.sql.TbSqlBlockingQueue - Queue-0 [TS Latest] queueSize [0] totalAdded [2] totalSaved [2] totalFailed [0]
2025-06-08 06:16:28,534 [sql-log-1-thread-1] INFO  o.t.s.dao.sql.TbSqlBlockingQueue - Queue-2 [TS Latest] queueSize [0] totalAdded [9] totalSaved [9] totalFailed [0]
2025-06-08 06:17:18,319 [TB-Scheduling-2] INFO  o.t.s.c.t.s.DefaultTransportService - Transport Stats: openConnections [0]
2025-06-08 06:17:28,504 [sql-log-1-thread-1] INFO  o.t.s.dao.sql.TbSqlBlockingQueue - Queue-0 [TS] queueSize [0] totalAdded [2] totalSaved [2] totalFailed [0]
2025-06-08 06:17:28,510 [sql-log-1-thread-1] INFO  o.t.s.dao.sql.TbSqlBlockingQueue - Queue-2 [TS] queueSize [0] totalAdded [9] totalSaved [9] totalFailed [0]
2025-06-08 06:17:28,534 [sql-log-1-thread-1] INFO  o.t.s.dao.sql.TbSqlBlockingQueue - Queue-0 [TS Latest] queueSize [0] totalAdded [2] totalSaved [2] totalFailed [0]
2025-06-08 06:17:28,535 [sql-log-1-thread-1] INFO  o.t.s.dao.sql.TbSqlBlockingQueue - Queue-2 [TS Latest] queueSize [0] totalAdded [9] totalSaved [9] totalFailed [0]
2025-06-08 06:18:18,326 [TB-Scheduling-2] INFO  o.t.s.c.t.s.DefaultTransportService - Transport Stats: openConnections [0]
2025-06-08 06:18:28,505 [sql-log-1-thread-1] INFO  o.t.s.dao.sql.TbSqlBlockingQueue - Queue-0 [TS] queueSize [0] totalAdded [2] totalSaved [2] totalFailed [0]
2025-06-08 06:18:28,510 [sql-log-1-thread-1] INFO  o.t.s.dao.sql.TbSqlBlockingQueue - Queue-2 [TS] queueSize [0] totalAdded [9] totalSaved [9] totalFailed [0]
2025-06-08 06:18:28,530 [sql-log-1-thread-1] INFO  o.t.s.dao.sql.TbSqlBlockingQueue - Queue-0 [TS Latest] queueSize [0] totalAdded [2] totalSaved [2] totalFailed [0]
2025-06-08 06:18:28,530 [sql-log-1-thread-1] INFO  o.t.s.dao.sql.TbSqlBlockingQueue - Queue-2 [TS Latest] queueSize [0] totalAdded [9] totalSaved [9] totalFailed [0]
2025-06-08 06:19:18,330 [TB-Scheduling-1] INFO  o.t.s.c.t.s.DefaultTransportService - Transport Stats: openConnections [0]
2025-06-08 06:19:28,505 [sql-log-1-thread-1] INFO  o.t.s.dao.sql.TbSqlBlockingQueue - Queue-0 [TS] queueSize [0] totalAdded [2] totalSaved [2] totalFailed [0]
2025-06-08 06:19:28,509 [sql-log-1-thread-1] INFO  o.t.s.dao.sql.TbSqlBlockingQueue - Queue-2 [TS] queueSize [0] totalAdded [9] totalSaved [9] totalFailed [0]
2025-06-08 06:19:28,532 [sql-log-1-thread-1] INFO  o.t.s.dao.sql.TbSqlBlockingQueue - Queue-0 [TS Latest] queueSize [0] totalAdded [2] totalSaved [2] totalFailed [0]
2025-06-08 06:19:28,533 [sql-log-1-thread-1] INFO  o.t.s.dao.sql.TbSqlBlockingQueue - Queue-2 [TS Latest] queueSize [0] totalAdded [9] totalSaved [9] totalFailed [0]
2025-06-08 06:20:18,332 [TB-Scheduling-2] INFO  o.t.s.c.t.s.DefaultTransportService - Transport Stats: openConnections [0]
2025-06-08 06:20:28,508 [sql-log-1-thread-1] INFO  o.t.s.dao.sql.TbSqlBlockingQueue - Queue-0 [TS] queueSize [0] totalAdded [2] totalSaved [2] totalFailed [0]
2025-06-08 06:20:28,509 [sql-log-1-thread-1] INFO  o.t.s.dao.sql.TbSqlBlockingQueue - Queue-2 [TS] queueSize [0] totalAdded [9] totalSaved [9] totalFailed [0]
2025-06-08 06:20:28,530 [sql-log-1-thread-1] INFO  o.t.s.dao.sql.TbSqlBlockingQueue - Queue-0 [TS Latest] queueSize [0] totalAdded [2] totalSaved [2] totalFailed [0]
2025-06-08 06:20:28,531 [sql-log-1-thread-1] INFO  o.t.s.dao.sql.TbSqlBlockingQueue - Queue-2 [TS Latest] queueSize [0] totalAdded [9] totalSaved [9] totalFailed [0]
2025-06-08 06:21:18,335 [TB-Scheduling-2] INFO  o.t.s.c.t.s.DefaultTransportService - Transport Stats: openConnections [0]
2025-06-08 06:21:28,506 [sql-log-1-thread-1] INFO  o.t.s.dao.sql.TbSqlBlockingQueue - Queue-0 [TS] queueSize [0] totalAdded [2] totalSaved [2] totalFailed [0]
2025-06-08 06:21:28,509 [sql-log-1-thread-1] INFO  o.t.s.dao.sql.TbSqlBlockingQueue - Queue-2 [TS] queueSize [0] totalAdded [2] totalSaved [2] totalFailed [0]
2025-06-08 06:21:28,531 [sql-log-1-thread-1] INFO  o.t.s.dao.sql.TbSqlBlockingQueue - Queue-0 [TS Latest] queueSize [0] totalAdded [2] totalSaved [2] totalFailed [0]
2025-06-08 06:21:28,532 [sql-log-1-thread-1] INFO  o.t.s.dao.sql.TbSqlBlockingQueue - Queue-2 [TS Latest] queueSize [0] totalAdded [2] totalSaved [2] totalFailed [0]
2025-06-08 06:21:38,510 [sql-log-1-thread-1] INFO  o.t.s.dao.sql.TbSqlBlockingQueue - Queue-2 [TS] queueSize [0] totalAdded [7] totalSaved [7] totalFailed [0]
2025-06-08 06:21:38,534 [sql-log-1-thread-1] INFO  o.t.s.dao.sql.TbSqlBlockingQueue - Queue-2 [TS Latest] queueSize [0] totalAdded [7] totalSaved [7] totalFailed [0]
2025-06-08 06:22:18,339 [TB-Scheduling-2] INFO  o.t.s.c.t.s.DefaultTransportService - Transport Stats: openConnections [0]
2025-06-08 06:22:28,508 [sql-log-1-thread-1] INFO  o.t.s.dao.sql.TbSqlBlockingQueue - Queue-0 [TS] queueSize [0] totalAdded [2] totalSaved [2] totalFailed [0]
2025-06-08 06:22:28,509 [sql-log-1-thread-1] INFO  o.t.s.dao.sql.TbSqlBlockingQueue - Queue-2 [TS] queueSize [0] totalAdded [2] totalSaved [2] totalFailed [0]
2025-06-08 06:22:28,530 [sql-log-1-thread-1] INFO  o.t.s.dao.sql.TbSqlBlockingQueue - Queue-0 [TS Latest] queueSize [0] totalAdded [2] totalSaved [2] totalFailed [0]
2025-06-08 06:22:28,531 [sql-log-1-thread-1] INFO  o.t.s.dao.sql.TbSqlBlockingQueue - Queue-2 [TS Latest] queueSize [0] totalAdded [2] totalSaved [2] totalFailed [0]
2025-06-08 06:22:38,508 [sql-log-1-thread-1] INFO  o.t.s.dao.sql.TbSqlBlockingQueue - Queue-2 [TS] queueSize [0] totalAdded [7] totalSaved [7] totalFailed [0]
2025-06-08 06:22:38,531 [sql-log-1-thread-1] INFO  o.t.s.dao.sql.TbSqlBlockingQueue - Queue-2 [TS Latest] queueSize [0] totalAdded [7] totalSaved [7] totalFailed [0]
2025-06-08 06:23:18,345 [TB-Scheduling-1] INFO  o.t.s.c.t.s.DefaultTransportService - Transport Stats: openConnections [0]
2025-06-08 06:23:28,508 [sql-log-1-thread-1] INFO  o.t.s.dao.sql.TbSqlBlockingQueue - Queue-0 [TS] queueSize [0] totalAdded [2] totalSaved [2] totalFailed [0]
2025-06-08 06:23:28,509 [sql-log-1-thread-1] INFO  o.t.s.dao.sql.TbSqlBlockingQueue - Queue-2 [TS] queueSize [0] totalAdded [2] totalSaved [2] totalFailed [0]
2025-06-08 06:23:28,531 [sql-log-1-thread-1] INFO  o.t.s.dao.sql.TbSqlBlockingQueue - Queue-0 [TS Latest] queueSize [0] totalAdded [2] totalSaved [2] totalFailed [0]
2025-06-08 06:23:28,531 [sql-log-1-thread-1] INFO  o.t.s.dao.sql.TbSqlBlockingQueue - Queue-2 [TS Latest] queueSize [0] totalAdded [2] totalSaved [2] totalFailed [0]
2025-06-08 06:23:38,511 [sql-log-1-thread-1] INFO  o.t.s.dao.sql.TbSqlBlockingQueue - Queue-2 [TS] queueSize [0] totalAdded [7] totalSaved [7] totalFailed [0]
2025-06-08 06:23:38,530 [sql-log-1-thread-1] INFO  o.t.s.dao.sql.TbSqlBlockingQueue - Queue-2 [TS Latest] queueSize [0] totalAdded [7] totalSaved [7] totalFailed [0]
2025-06-08 06:24:18,349 [TB-Scheduling-1] INFO  o.t.s.c.t.s.DefaultTransportService - Transport Stats: openConnections [0]
2025-06-08 06:24:28,505 [sql-log-1-thread-1] INFO  o.t.s.dao.sql.TbSqlBlockingQueue - Queue-0 [TS] queueSize [0] totalAdded [2] totalSaved [2] totalFailed [0]
2025-06-08 06:24:28,510 [sql-log-1-thread-1] INFO  o.t.s.dao.sql.TbSqlBlockingQueue - Queue-2 [TS] queueSize [0] totalAdded [2] totalSaved [2] totalFailed [0]
2025-06-08 06:24:28,530 [sql-log-1-thread-1] INFO  o.t.s.dao.sql.TbSqlBlockingQueue - Queue-0 [TS Latest] queueSize [0] totalAdded [2] totalSaved [2] totalFailed [0]
2025-06-08 06:24:28,530 [sql-log-1-thread-1] INFO  o.t.s.dao.sql.TbSqlBlockingQueue - Queue-2 [TS Latest] queueSize [0] totalAdded [2] totalSaved [2] totalFailed [0]
2025-06-08 06:24:38,510 [sql-log-1-thread-1] INFO  o.t.s.dao.sql.TbSqlBlockingQueue - Queue-2 [TS] queueSize [0] totalAdded [7] totalSaved [7] totalFailed [0]
2025-06-08 06:24:38,533 [sql-log-1-thread-1] INFO  o.t.s.dao.sql.TbSqlBlockingQueue - Queue-2 [TS Latest] queueSize [0] totalAdded [7] totalSaved [7] totalFailed [0]
2025-06-08 06:25:18,356 [TB-Scheduling-2] INFO  o.t.s.c.t.s.DefaultTransportService - Transport Stats: openConnections [0]
2025-06-08 06:25:28,505 [sql-log-1-thread-1] INFO  o.t.s.dao.sql.TbSqlBlockingQueue - Queue-0 [TS] queueSize [0] totalAdded [2] totalSaved [2] totalFailed [0]
2025-06-08 06:25:28,509 [sql-log-1-thread-1] INFO  o.t.s.dao.sql.TbSqlBlockingQueue - Queue-2 [TS] queueSize [0] totalAdded [2] totalSaved [2] totalFailed [0]
2025-06-08 06:25:28,531 [sql-log-1-thread-1] INFO  o.t.s.dao.sql.TbSqlBlockingQueue - Queue-0 [TS Latest] queueSize [0] totalAdded [2] totalSaved [2] totalFailed [0]
2025-06-08 06:25:28,532 [sql-log-1-thread-1] INFO  o.t.s.dao.sql.TbSqlBlockingQueue - Queue-2 [TS Latest] queueSize [0] totalAdded [2] totalSaved [2] totalFailed [0]
2025-06-08 06:25:38,510 [sql-log-1-thread-1] INFO  o.t.s.dao.sql.TbSqlBlockingQueue - Queue-2 [TS] queueSize [0] totalAdded [7] totalSaved [7] totalFailed [0]
2025-06-08 06:25:38,531 [sql-log-1-thread-1] INFO  o.t.s.dao.sql.TbSqlBlockingQueue - Queue-2 [TS Latest] queueSize [0] totalAdded [7] totalSaved [7] totalFailed [0]
2025-06-08 06:26:18,361 [TB-Scheduling-1] INFO  o.t.s.c.t.s.DefaultTransportService - Transport Stats: openConnections [0]
2025-06-08 06:26:28,504 [sql-log-1-thread-1] INFO  o.t.s.dao.sql.TbSqlBlockingQueue - Queue-0 [TS] queueSize [0] totalAdded [2] totalSaved [2] totalFailed [0]
2025-06-08 06:26:28,509 [sql-log-1-thread-1] INFO  o.t.s.dao.sql.TbSqlBlockingQueue - Queue-2 [TS] queueSize [0] totalAdded [2] totalSaved [2] totalFailed [0]
2025-06-08 06:26:28,530 [sql-log-1-thread-1] INFO  o.t.s.dao.sql.TbSqlBlockingQueue - Queue-0 [TS Latest] queueSize [0] totalAdded [2] totalSaved [2] totalFailed [0]
2025-06-08 06:26:28,531 [sql-log-1-thread-1] INFO  o.t.s.dao.sql.TbSqlBlockingQueue - Queue-2 [TS Latest] queueSize [0] totalAdded [2] totalSaved [2] totalFailed [0]
2025-06-08 06:26:38,510 [sql-log-1-thread-1] INFO  o.t.s.dao.sql.TbSqlBlockingQueue - Queue-2 [TS] queueSize [0] totalAdded [7] totalSaved [7] totalFailed [0]
2025-06-08 06:26:38,530 [sql-log-1-thread-1] INFO  o.t.s.dao.sql.TbSqlBlockingQueue - Queue-2 [TS Latest] queueSize [0] totalAdded [7] totalSaved [7] totalFailed [0]
2025-06-08 06:27:18,363 [TB-Scheduling-1] INFO  o.t.s.c.t.s.DefaultTransportService - Transport Stats: openConnections [0]
2025-06-08 06:27:28,506 [sql-log-1-thread-1] INFO  o.t.s.dao.sql.TbSqlBlockingQueue - Queue-0 [TS] queueSize [0] totalAdded [2] totalSaved [2] totalFailed [0]
2025-06-08 06:27:28,509 [sql-log-1-thread-1] INFO  o.t.s.dao.sql.TbSqlBlockingQueue - Queue-2 [TS] queueSize [0] totalAdded [2] totalSaved [2] totalFailed [0]
2025-06-08 06:27:28,530 [sql-log-1-thread-1] INFO  o.t.s.dao.sql.TbSqlBlockingQueue - Queue-0 [TS Latest] queueSize [0] totalAdded [2] totalSaved [2] totalFailed [0]
2025-06-08 06:27:28,530 [sql-log-1-thread-1] INFO  o.t.s.dao.sql.TbSqlBlockingQueue - Queue-2 [TS Latest] queueSize [0] totalAdded [2] totalSaved [2] totalFailed [0]
2025-06-08 06:27:38,509 [sql-log-1-thread-1] INFO  o.t.s.dao.sql.TbSqlBlockingQueue - Queue-2 [TS] queueSize [0] totalAdded [7] totalSaved [7] totalFailed [0]
2025-06-08 06:27:38,530 [sql-log-1-thread-1] INFO  o.t.s.dao.sql.TbSqlBlockingQueue - Queue-2 [TS Latest] queueSize [0] totalAdded [7] totalSaved [7] totalFailed [0]
2025-06-08 06:28:18,367 [TB-Scheduling-1] INFO  o.t.s.c.t.s.DefaultTransportService - Transport Stats: openConnections [0]
2025-06-08 06:28:28,504 [sql-log-1-thread-1] INFO  o.t.s.dao.sql.TbSqlBlockingQueue - Queue-0 [TS] queueSize [0] totalAdded [2] totalSaved [2] totalFailed [0]
2025-06-08 06:28:28,509 [sql-log-1-thread-1] INFO  o.t.s.dao.sql.TbSqlBlockingQueue - Queue-2 [TS] queueSize [0] totalAdded [2] totalSaved [2] totalFailed [0]
2025-06-08 06:28:28,530 [sql-log-1-thread-1] INFO  o.t.s.dao.sql.TbSqlBlockingQueue - Queue-0 [TS Latest] queueSize [0] totalAdded [2] totalSaved [2] totalFailed [0]
2025-06-08 06:28:28,530 [sql-log-1-thread-1] INFO  o.t.s.dao.sql.TbSqlBlockingQueue - Queue-2 [TS Latest] queueSize [0] totalAdded [2] totalSaved [2] totalFailed [0]
2025-06-08 06:28:38,510 [sql-log-1-thread-1] INFO  o.t.s.dao.sql.TbSqlBlockingQueue - Queue-2 [TS] queueSize [0] totalAdded [7] totalSaved [7] totalFailed [0]
2025-06-08 06:28:38,531 [sql-log-1-thread-1] INFO  o.t.s.dao.sql.TbSqlBlockingQueue - Queue-2 [TS Latest] queueSize [0] totalAdded [7] totalSaved [7] totalFailed [0]
2025-06-08 06:29:18,371 [TB-Scheduling-2] INFO  o.t.s.c.t.s.DefaultTransportService - Transport Stats: openConnections [0]
2025-06-08 06:29:28,546 [sql-log-1-thread-1] INFO  o.t.s.dao.sql.TbSqlBlockingQueue - Queue-0 [TS] queueSize [0] totalAdded [2] totalSaved [2] totalFailed [0]
2025-06-08 06:29:28,546 [sql-log-1-thread-1] INFO  o.t.s.dao.sql.TbSqlBlockingQueue - Queue-2 [TS] queueSize [0] totalAdded [2] totalSaved [2] totalFailed [0]
2025-06-08 06:29:28,547 [sql-log-1-thread-1] INFO  o.t.s.dao.sql.TbSqlBlockingQueue - Queue-0 [TS Latest] queueSize [0] totalAdded [2] totalSaved [2] totalFailed [0]
2025-06-08 06:29:28,547 [sql-log-1-thread-1] INFO  o.t.s.dao.sql.TbSqlBlockingQueue - Queue-2 [TS Latest] queueSize [0] totalAdded [2] totalSaved [2] totalFailed [0]
2025-06-08 07:56:35,227 [sql-log-1-thread-1] INFO  o.t.s.dao.sql.TbSqlBlockingQueue - Queue-2 [TS] queueSize [0] totalAdded [7] totalSaved [7] totalFailed [0]
2025-06-08 07:56:35,247 [sql-log-1-thread-1] INFO  o.t.s.dao.sql.TbSqlBlockingQueue - Queue-2 [TS Latest] queueSize [0] totalAdded [7] totalSaved [7] totalFailed [0]
2025-06-08 09:19:59,879 [TB-Scheduling-1] INFO  o.t.s.c.t.s.DefaultTransportService - Transport Stats: openConnections [0]
2025-06-08 09:20:10,017 [sql-log-1-thread-1] INFO  o.t.s.dao.sql.TbSqlBlockingQueue - Queue-0 [TS] queueSize [0] totalAdded [4] totalSaved [4] totalFailed [0]
2025-06-08 09:20:10,018 [sql-log-1-thread-1] INFO  o.t.s.dao.sql.TbSqlBlockingQueue - Queue-2 [TS] queueSize [0] totalAdded [2] totalSaved [2] totalFailed [0]
2025-06-08 09:20:10,035 [sql-log-1-thread-1] INFO  o.t.s.dao.sql.TbSqlBlockingQueue - Queue-0 [TS Latest] queueSize [0] totalAdded [4] totalSaved [4] totalFailed [0]
2025-06-08 09:20:10,036 [sql-log-1-thread-1] INFO  o.t.s.dao.sql.TbSqlBlockingQueue - Queue-2 [TS Latest] queueSize [0] totalAdded [2] totalSaved [2] totalFailed [0]
2025-06-08 10:56:22,529 [sql-log-1-thread-1] INFO  o.t.s.dao.sql.TbSqlBlockingQueue - Queue-2 [TS] queueSize [0] totalAdded [7] totalSaved [7] totalFailed [0]
2025-06-08 10:56:22,550 [sql-log-1-thread-1] INFO  o.t.s.dao.sql.TbSqlBlockingQueue - Queue-2 [TS Latest] queueSize [0] totalAdded [7] totalSaved [7] totalFailed [0]
2025-06-08 12:26:53,795 [TB-Scheduling-1] INFO  o.t.s.c.t.s.DefaultTransportService - Transport Stats: openConnections [0]
2025-06-08 12:27:03,927 [sql-log-1-thread-1] INFO  o.t.s.dao.sql.TbSqlBlockingQueue - Queue-0 [TS] queueSize [0] totalAdded [4] totalSaved [4] totalFailed [0]
2025-06-08 12:27:03,929 [sql-log-1-thread-1] INFO  o.t.s.dao.sql.TbSqlBlockingQueue - Queue-2 [TS] queueSize [0] totalAdded [2] totalSaved [2] totalFailed [0]
2025-06-08 12:27:03,949 [sql-log-1-thread-1] INFO  o.t.s.dao.sql.TbSqlBlockingQueue - Queue-0 [TS Latest] queueSize [0] totalAdded [4] totalSaved [4] totalFailed [0]
2025-06-08 12:27:03,950 [sql-log-1-thread-1] INFO  o.t.s.dao.sql.TbSqlBlockingQueue - Queue-2 [TS Latest] queueSize [0] totalAdded [2] totalSaved [2] totalFailed [0]
2025-06-08 13:27:22,945 [sql-log-1-thread-1] INFO  o.t.s.dao.sql.TbSqlBlockingQueue - Queue-2 [TS] queueSize [0] totalAdded [7] totalSaved [7] totalFailed [0]
2025-06-08 13:27:22,967 [sql-log-1-thread-1] INFO  o.t.s.dao.sql.TbSqlBlockingQueue - Queue-2 [TS Latest] queueSize [0] totalAdded [7] totalSaved [7] totalFailed [0]
2025-06-08 14:28:01,539 [TB-Scheduling-2] INFO  o.t.s.c.t.s.DefaultTransportService - Transport Stats: openConnections [0]
2025-06-08 14:28:11,666 [sql-log-1-thread-1] INFO  o.t.s.dao.sql.TbSqlBlockingQueue - Queue-0 [TS] queueSize [0] totalAdded [4] totalSaved [4] totalFailed [0]
2025-06-08 14:28:11,668 [sql-log-1-thread-1] INFO  o.t.s.dao.sql.TbSqlBlockingQueue - Queue-2 [TS] queueSize [0] totalAdded [2] totalSaved [2] totalFailed [0]
2025-06-08 14:28:11,691 [sql-log-1-thread-1] INFO  o.t.s.dao.sql.TbSqlBlockingQueue - Queue-0 [TS Latest] queueSize [0] totalAdded [4] totalSaved [4] totalFailed [0]
2025-06-08 14:28:11,692 [sql-log-1-thread-1] INFO  o.t.s.dao.sql.TbSqlBlockingQueue - Queue-2 [TS Latest] queueSize [0] totalAdded [2] totalSaved [2] totalFailed [0]
2025-06-08 15:29:02,183 [sql-log-1-thread-1] INFO  o.t.s.dao.sql.TbSqlBlockingQueue - Queue-2 [TS] queueSize [0] totalAdded [7] totalSaved [7] totalFailed [0]
2025-06-08 15:29:02,203 [sql-log-1-thread-1] INFO  o.t.s.dao.sql.TbSqlBlockingQueue - Queue-2 [TS Latest] queueSize [0] totalAdded [7] totalSaved [7] totalFailed [0]
2025-06-08 16:45:43,986 [TB-Scheduling-2] INFO  o.t.s.c.t.s.DefaultTransportService - Transport Stats: openConnections [0]
2025-06-08 16:45:54,105 [sql-log-1-thread-1] INFO  o.t.s.dao.sql.TbSqlBlockingQueue - Queue-0 [TS] queueSize [0] totalAdded [4] totalSaved [4] totalFailed [0]
2025-06-08 16:45:54,109 [sql-log-1-thread-1] INFO  o.t.s.dao.sql.TbSqlBlockingQueue - Queue-2 [TS] queueSize [0] totalAdded [2] totalSaved [2] totalFailed [0]
2025-06-08 16:45:54,129 [sql-log-1-thread-1] INFO  o.t.s.dao.sql.TbSqlBlockingQueue - Queue-0 [TS Latest] queueSize [0] totalAdded [4] totalSaved [4] totalFailed [0]
2025-06-08 16:45:54,130 [sql-log-1-thread-1] INFO  o.t.s.dao.sql.TbSqlBlockingQueue - Queue-2 [TS Latest] queueSize [0] totalAdded [2] totalSaved [2] totalFailed [0]
2025-06-08 18:05:41,749 [sql-log-1-thread-1] INFO  o.t.s.dao.sql.TbSqlBlockingQueue - Queue-2 [TS] queueSize [0] totalAdded [7] totalSaved [7] totalFailed [0]
2025-06-08 18:05:41,771 [sql-log-1-thread-1] INFO  o.t.s.dao.sql.TbSqlBlockingQueue - Queue-2 [TS Latest] queueSize [0] totalAdded [7] totalSaved [7] totalFailed [0]
2025-06-08 19:04:42,418 [TB-Scheduling-2] INFO  o.t.s.dao.sql.event.JpaBaseEventDao - Going to cleanup debug events with exp time: 1748804682418
2025-06-08 19:04:45,387 [TB-Scheduling-2] INFO  o.t.s.c.t.s.DefaultTransportService - Transport Stats: openConnections [0]
2025-06-08 19:04:55,501 [sql-log-1-thread-1] INFO  o.t.s.dao.sql.TbSqlBlockingQueue - Queue-0 [TS] queueSize [0] totalAdded [4] totalSaved [4] totalFailed [0]
2025-06-08 19:04:55,504 [sql-log-1-thread-1] INFO  o.t.s.dao.sql.TbSqlBlockingQueue - Queue-2 [TS] queueSize [0] totalAdded [2] totalSaved [2] totalFailed [0]
2025-06-08 19:04:55,528 [sql-log-1-thread-1] INFO  o.t.s.dao.sql.TbSqlBlockingQueue - Queue-0 [TS Latest] queueSize [0] totalAdded [4] totalSaved [4] totalFailed [0]
2025-06-08 19:04:55,528 [sql-log-1-thread-1] INFO  o.t.s.dao.sql.TbSqlBlockingQueue - Queue-2 [TS Latest] queueSize [0] totalAdded [2] totalSaved [2] totalFailed [0]
2025-06-08 20:21:10,115 [sql-log-1-thread-1] INFO  o.t.s.dao.sql.TbSqlBlockingQueue - Queue-2 [TS] queueSize [0] totalAdded [7] totalSaved [7] totalFailed [0]
2025-06-08 20:21:10,137 [sql-log-1-thread-1] INFO  o.t.s.dao.sql.TbSqlBlockingQueue - Queue-2 [TS Latest] queueSize [0] totalAdded [7] totalSaved [7] totalFailed [0]
2025-06-08 21:34:54,474 [TB-Scheduling-1] INFO  o.t.s.c.t.s.DefaultTransportService - Transport Stats: openConnections [0]
2025-06-08 21:35:04,580 [sql-log-1-thread-1] INFO  o.t.s.dao.sql.TbSqlBlockingQueue - Queue-0 [TS] queueSize [0] totalAdded [4] totalSaved [4] totalFailed [0]
2025-06-08 21:35:04,582 [sql-log-1-thread-1] INFO  o.t.s.dao.sql.TbSqlBlockingQueue - Queue-2 [TS] queueSize [0] totalAdded [2] totalSaved [2] totalFailed [0]
2025-06-08 21:35:04,606 [sql-log-1-thread-1] INFO  o.t.s.dao.sql.TbSqlBlockingQueue - Queue-0 [TS Latest] queueSize [0] totalAdded [4] totalSaved [4] totalFailed [0]
2025-06-08 21:35:04,606 [sql-log-1-thread-1] INFO  o.t.s.dao.sql.TbSqlBlockingQueue - Queue-2 [TS Latest] queueSize [0] totalAdded [2] totalSaved [2] totalFailed [0]
2025-06-08 22:15:09,520 [sql-log-1-thread-1] INFO  o.t.s.dao.sql.TbSqlBlockingQueue - Queue-2 [TS] queueSize [0] totalAdded [7] totalSaved [7] totalFailed [0]
2025-06-08 22:15:09,545 [sql-log-1-thread-1] INFO  o.t.s.dao.sql.TbSqlBlockingQueue - Queue-2 [TS Latest] queueSize [0] totalAdded [7] totalSaved [7] totalFailed [0]
2025-06-08 23:27:01,077 [TB-Scheduling-1] INFO  o.t.s.c.t.s.DefaultTransportService - Transport Stats: openConnections [0]
2025-06-08 23:27:11,175 [sql-log-1-thread-1] INFO  o.t.s.dao.sql.TbSqlBlockingQueue - Queue-0 [TS] queueSize [0] totalAdded [4] totalSaved [4] totalFailed [0]
2025-06-08 23:27:11,180 [sql-log-1-thread-1] INFO  o.t.s.dao.sql.TbSqlBlockingQueue - Queue-2 [TS] queueSize [0] totalAdded [2] totalSaved [2] totalFailed [0]
2025-06-08 23:27:11,201 [sql-log-1-thread-1] INFO  o.t.s.dao.sql.TbSqlBlockingQueue - Queue-0 [TS Latest] queueSize [0] totalAdded [4] totalSaved [4] totalFailed [0]
2025-06-08 23:27:11,202 [sql-log-1-thread-1] INFO  o.t.s.dao.sql.TbSqlBlockingQueue - Queue-2 [TS Latest] queueSize [0] totalAdded [2] totalSaved [2] totalFailed [0]
